2014-11-22 18:12:42,658 [Worker-3] INFO  o.e.m.c.i.l.LifecycleMappingFactory - Using org.maven.ide.eclipse.wtp.WarLifecycleMapping lifecycle mapping for MavenProject: com.github.tripville:tripville:1.7-SNAPSHOT @ D:\ooadworkspace\tripville\pom.xml.
2014-11-22 18:12:51,446 [Worker-3] INFO  o.e.m.j.i.AbstractJavaProjectConfigurator - Adding source folder /tripville/src/main/java
2014-11-22 18:12:51,446 [Worker-3] INFO  o.e.m.j.i.AbstractJavaProjectConfigurator - Adding resource folder /tripville/src/main/resources
2014-11-22 18:12:51,446 [Worker-3] INFO  o.e.m.j.i.AbstractJavaProjectConfigurator - Adding source folder /tripville/src/test/java
2014-11-22 18:12:52,070 [Worker-11] INFO  o.e.m.c.i.l.LifecycleMappingFactory - Using org.maven.ide.eclipse.wtp.WarLifecycleMapping lifecycle mapping for MavenProject: com.github.tripville:tripville:1.7-SNAPSHOT @ D:\ooadworkspace\tripville\pom.xml.
2014-11-22 18:12:53,242 [Worker-3] INFO  o.e.m.c.i.p.ProjectConfigurationManager - Imported and configured 1 project(s) in 20 sec
2014-11-22 18:13:00,895 [Worker-10] INFO  o.e.m.c.i.embedder.EclipseLogger - Using 'UTF-8' encoding to copy filtered resources.
2014-11-22 18:13:00,916 [Worker-10] INFO  o.e.m.c.i.embedder.EclipseLogger - Copying 3 resources
2014-11-22 18:13:00,933 [Worker-10] INFO  o.e.m.c.i.embedder.EclipseLogger - Using 'UTF-8' encoding to copy filtered resources.
2014-11-22 18:13:00,933 [Worker-10] INFO  o.e.m.c.i.embedder.EclipseLogger - skip non existing resourceDirectory D:\ooadworkspace\tripville\src\test\resources
2014-11-22 19:36:06,550 [Worker-39] INFO  o.e.m.c.i.embedder.EclipseLogger - Using 'UTF-8' encoding to copy filtered resources.
2014-11-22 19:36:06,550 [Worker-39] INFO  o.e.m.c.i.embedder.EclipseLogger - Copying 0 resource
2014-11-22 19:36:06,566 [Worker-39] INFO  o.e.m.c.i.embedder.EclipseLogger - Using 'UTF-8' encoding to copy filtered resources.
2014-11-22 19:36:06,566 [Worker-39] INFO  o.e.m.c.i.embedder.EclipseLogger - skip non existing resourceDirectory D:\ooadworkspace\tripville\src\test\resources
2014-11-22 20:01:14,022 [Worker-56] INFO  o.e.m.c.i.embedder.EclipseLogger - Using 'UTF-8' encoding to copy filtered resources.
2014-11-22 20:01:14,031 [Worker-56] INFO  o.e.m.c.i.embedder.EclipseLogger - Copying 3 resources
2014-11-22 20:01:14,035 [Worker-56] INFO  o.e.m.c.i.embedder.EclipseLogger - Using 'UTF-8' encoding to copy filtered resources.
2014-11-22 20:01:14,036 [Worker-56] INFO  o.e.m.c.i.embedder.EclipseLogger - skip non existing resourceDirectory D:\ooadworkspace\tripville\src\test\resources
2014-11-22 20:10:56,304 [Worker-64] INFO  o.e.m.c.i.embedder.EclipseLogger - Using 'UTF-8' encoding to copy filtered resources.
2014-11-22 20:10:56,305 [Worker-64] INFO  o.e.m.c.i.embedder.EclipseLogger - Copying 3 resources
2014-11-22 20:10:56,308 [Worker-64] INFO  o.e.m.c.i.embedder.EclipseLogger - Using 'UTF-8' encoding to copy filtered resources.
2014-11-22 20:10:56,308 [Worker-64] INFO  o.e.m.c.i.embedder.EclipseLogger - skip non existing resourceDirectory D:\ooadworkspace\tripville\src\test\resources
2014-11-22 20:11:15,156 [Worker-66] INFO  o.e.m.c.i.embedder.EclipseLogger - Using 'UTF-8' encoding to copy filtered resources.
2014-11-22 20:11:15,157 [Worker-66] INFO  o.e.m.c.i.embedder.EclipseLogger - Copying 3 resources
2014-11-22 20:11:15,159 [Worker-66] INFO  o.e.m.c.i.embedder.EclipseLogger - Using 'UTF-8' encoding to copy filtered resources.
2014-11-22 20:11:15,159 [Worker-66] INFO  o.e.m.c.i.embedder.EclipseLogger - skip non existing resourceDirectory D:\ooadworkspace\tripville\src\test\resources
2014-11-22 20:15:31,309 [Worker-66] INFO  o.e.m.c.i.embedder.EclipseLogger - Using 'UTF-8' encoding to copy filtered resources.
2014-11-22 20:15:31,311 [Worker-66] INFO  o.e.m.c.i.embedder.EclipseLogger - Copying 3 resources
2014-11-22 20:15:31,314 [Worker-66] INFO  o.e.m.c.i.embedder.EclipseLogger - Using 'UTF-8' encoding to copy filtered resources.
2014-11-22 20:15:31,314 [Worker-66] INFO  o.e.m.c.i.embedder.EclipseLogger - skip non existing resourceDirectory D:\ooadworkspace\tripville\src\test\resources
2014-11-22 21:30:52,431 [Worker-87] INFO  o.e.m.c.i.embedder.EclipseLogger - Using 'UTF-8' encoding to copy filtered resources.
2014-11-22 21:30:52,432 [Worker-87] INFO  o.e.m.c.i.embedder.EclipseLogger - Copying 3 resources
2014-11-22 21:30:52,434 [Worker-87] INFO  o.e.m.c.i.embedder.EclipseLogger - Using 'UTF-8' encoding to copy filtered resources.
2014-11-22 21:30:52,435 [Worker-87] INFO  o.e.m.c.i.embedder.EclipseLogger - skip non existing resourceDirectory D:\ooadworkspace\tripville\src\test\resources
2014-11-22 21:35:24,714 [Worker-91] INFO  o.e.m.c.i.embedder.EclipseLogger - Using 'UTF-8' encoding to copy filtered resources.
2014-11-22 21:35:24,715 [Worker-91] INFO  o.e.m.c.i.embedder.EclipseLogger - Copying 3 resources
2014-11-22 21:35:24,718 [Worker-91] INFO  o.e.m.c.i.embedder.EclipseLogger - Using 'UTF-8' encoding to copy filtered resources.
2014-11-22 21:35:24,718 [Worker-91] INFO  o.e.m.c.i.embedder.EclipseLogger - skip non existing resourceDirectory D:\ooadworkspace\tripville\src\test\resources
2014-11-22 21:40:04,757 [Worker-100] INFO  o.e.m.c.i.embedder.EclipseLogger - Using 'UTF-8' encoding to copy filtered resources.
2014-11-22 21:40:04,757 [Worker-100] INFO  o.e.m.c.i.embedder.EclipseLogger - Copying 3 resources
2014-11-22 21:40:04,760 [Worker-100] INFO  o.e.m.c.i.embedder.EclipseLogger - Using 'UTF-8' encoding to copy filtered resources.
2014-11-22 21:40:04,760 [Worker-100] INFO  o.e.m.c.i.embedder.EclipseLogger - skip non existing resourceDirectory D:\ooadworkspace\tripville\src\test\resources
2014-11-22 21:52:24,650 [Worker-108] INFO  o.e.m.c.i.embedder.EclipseLogger - Using 'UTF-8' encoding to copy filtered resources.
2014-11-22 21:52:24,651 [Worker-108] INFO  o.e.m.c.i.embedder.EclipseLogger - Copying 0 resource
2014-11-22 21:52:24,653 [Worker-108] INFO  o.e.m.c.i.embedder.EclipseLogger - Using 'UTF-8' encoding to copy filtered resources.
2014-11-22 21:52:24,654 [Worker-108] INFO  o.e.m.c.i.embedder.EclipseLogger - skip non existing resourceDirectory D:\ooadworkspace\tripville\src\test\resources
2014-11-22 21:55:26,291 [Worker-116] INFO  o.e.m.c.i.embedder.EclipseLogger - Using 'UTF-8' encoding to copy filtered resources.
2014-11-22 21:55:26,292 [Worker-116] INFO  o.e.m.c.i.embedder.EclipseLogger - Copying 0 resource
2014-11-22 21:55:26,295 [Worker-116] INFO  o.e.m.c.i.embedder.EclipseLogger - Using 'UTF-8' encoding to copy filtered resources.
2014-11-22 21:55:26,296 [Worker-116] INFO  o.e.m.c.i.embedder.EclipseLogger - skip non existing resourceDirectory D:\ooadworkspace\tripville\src\test\resources
2014-11-22 21:58:18,457 [Worker-102] INFO  o.e.m.c.i.embedder.EclipseLogger - Using 'UTF-8' encoding to copy filtered resources.
2014-11-22 21:58:18,458 [Worker-102] INFO  o.e.m.c.i.embedder.EclipseLogger - Copying 0 resource
2014-11-22 21:58:18,462 [Worker-102] INFO  o.e.m.c.i.embedder.EclipseLogger - Using 'UTF-8' encoding to copy filtered resources.
2014-11-22 21:58:18,463 [Worker-102] INFO  o.e.m.c.i.embedder.EclipseLogger - skip non existing resourceDirectory D:\ooadworkspace\tripville\src\test\resources
2014-11-22 22:00:07,662 [Worker-120] INFO  o.e.m.c.i.embedder.EclipseLogger - Using 'UTF-8' encoding to copy filtered resources.
2014-11-22 22:00:07,663 [Worker-120] INFO  o.e.m.c.i.embedder.EclipseLogger - Copying 0 resource
2014-11-22 22:00:07,665 [Worker-120] INFO  o.e.m.c.i.embedder.EclipseLogger - Using 'UTF-8' encoding to copy filtered resources.
2014-11-22 22:00:07,666 [Worker-120] INFO  o.e.m.c.i.embedder.EclipseLogger - skip non existing resourceDirectory D:\ooadworkspace\tripville\src\test\resources
2014-11-22 22:04:40,464 [Worker-127] INFO  o.e.m.c.i.embedder.EclipseLogger - Using 'UTF-8' encoding to copy filtered resources.
2014-11-22 22:04:40,465 [Worker-127] INFO  o.e.m.c.i.embedder.EclipseLogger - Copying 0 resource
2014-11-22 22:04:40,469 [Worker-127] INFO  o.e.m.c.i.embedder.EclipseLogger - Using 'UTF-8' encoding to copy filtered resources.
2014-11-22 22:04:40,469 [Worker-127] INFO  o.e.m.c.i.embedder.EclipseLogger - skip non existing resourceDirectory D:\ooadworkspace\tripville\src\test\resources
2014-11-22 22:11:42,181 [Worker-123] INFO  o.e.m.c.i.embedder.EclipseLogger - Using 'UTF-8' encoding to copy filtered resources.
2014-11-22 22:11:42,181 [Worker-123] INFO  o.e.m.c.i.embedder.EclipseLogger - Copying 0 resource
2014-11-22 22:11:42,184 [Worker-123] INFO  o.e.m.c.i.embedder.EclipseLogger - Using 'UTF-8' encoding to copy filtered resources.
2014-11-22 22:11:42,184 [Worker-123] INFO  o.e.m.c.i.embedder.EclipseLogger - skip non existing resourceDirectory D:\ooadworkspace\tripville\src\test\resources
2014-11-22 22:14:01,148 [Worker-141] INFO  o.e.m.c.i.embedder.EclipseLogger - Using 'UTF-8' encoding to copy filtered resources.
2014-11-22 22:14:01,149 [Worker-141] INFO  o.e.m.c.i.embedder.EclipseLogger - Copying 3 resources
2014-11-22 22:14:01,151 [Worker-141] INFO  o.e.m.c.i.embedder.EclipseLogger - Using 'UTF-8' encoding to copy filtered resources.
2014-11-22 22:14:01,151 [Worker-141] INFO  o.e.m.c.i.embedder.EclipseLogger - skip non existing resourceDirectory D:\ooadworkspace\tripville\src\test\resources
2014-11-22 22:16:21,976 [Worker-142] INFO  o.e.m.c.i.embedder.EclipseLogger - Using 'UTF-8' encoding to copy filtered resources.
2014-11-22 22:16:21,977 [Worker-142] INFO  o.e.m.c.i.embedder.EclipseLogger - Copying 3 resources
2014-11-22 22:16:21,981 [Worker-142] INFO  o.e.m.c.i.embedder.EclipseLogger - Using 'UTF-8' encoding to copy filtered resources.
2014-11-22 22:16:21,981 [Worker-142] INFO  o.e.m.c.i.embedder.EclipseLogger - skip non existing resourceDirectory D:\ooadworkspace\tripville\src\test\resources
2014-11-22 22:19:25,762 [Worker-144] INFO  o.e.m.c.i.embedder.EclipseLogger - Using 'UTF-8' encoding to copy filtered resources.
2014-11-22 22:19:25,763 [Worker-144] INFO  o.e.m.c.i.embedder.EclipseLogger - Copying 3 resources
2014-11-22 22:19:25,766 [Worker-144] INFO  o.e.m.c.i.embedder.EclipseLogger - Using 'UTF-8' encoding to copy filtered resources.
2014-11-22 22:19:25,766 [Worker-144] INFO  o.e.m.c.i.embedder.EclipseLogger - skip non existing resourceDirectory D:\ooadworkspace\tripville\src\test\resources
2014-11-22 22:23:40,480 [Worker-144] INFO  o.e.m.c.i.embedder.EclipseLogger - Using 'UTF-8' encoding to copy filtered resources.
2014-11-22 22:23:40,481 [Worker-144] INFO  o.e.m.c.i.embedder.EclipseLogger - Copying 0 resource
2014-11-22 22:23:40,483 [Worker-144] INFO  o.e.m.c.i.embedder.EclipseLogger - Using 'UTF-8' encoding to copy filtered resources.
2014-11-22 22:23:40,484 [Worker-144] INFO  o.e.m.c.i.embedder.EclipseLogger - skip non existing resourceDirectory D:\ooadworkspace\tripville\src\test\resources
2014-11-22 22:24:47,951 [Worker-149] INFO  o.e.m.c.i.embedder.EclipseLogger - Using 'UTF-8' encoding to copy filtered resources.
2014-11-22 22:24:47,951 [Worker-149] INFO  o.e.m.c.i.embedder.EclipseLogger - Copying 0 resource
2014-11-22 22:24:47,954 [Worker-149] INFO  o.e.m.c.i.embedder.EclipseLogger - Using 'UTF-8' encoding to copy filtered resources.
2014-11-22 22:24:47,954 [Worker-149] INFO  o.e.m.c.i.embedder.EclipseLogger - skip non existing resourceDirectory D:\ooadworkspace\tripville\src\test\resources
2014-11-22 22:25:08,996 [Worker-143] INFO  o.e.m.c.i.embedder.EclipseLogger - Using 'UTF-8' encoding to copy filtered resources.
2014-11-22 22:25:08,997 [Worker-143] INFO  o.e.m.c.i.embedder.EclipseLogger - Copying 0 resource
2014-11-22 22:25:09,001 [Worker-143] INFO  o.e.m.c.i.embedder.EclipseLogger - Using 'UTF-8' encoding to copy filtered resources.
2014-11-22 22:25:09,001 [Worker-143] INFO  o.e.m.c.i.embedder.EclipseLogger - skip non existing resourceDirectory D:\ooadworkspace\tripville\src\test\resources
2014-11-22 22:45:55,297 [Worker-155] INFO  o.e.m.c.i.embedder.EclipseLogger - Using 'UTF-8' encoding to copy filtered resources.
2014-11-22 22:45:55,297 [Worker-155] INFO  o.e.m.c.i.embedder.EclipseLogger - Copying 3 resources
2014-11-22 22:45:55,299 [Worker-155] INFO  o.e.m.c.i.embedder.EclipseLogger - Using 'UTF-8' encoding to copy filtered resources.
2014-11-22 22:45:55,299 [Worker-155] INFO  o.e.m.c.i.embedder.EclipseLogger - skip non existing resourceDirectory D:\ooadworkspace\tripville\src\test\resources
2014-11-22 22:46:20,338 [Worker-159] INFO  o.e.m.c.i.embedder.EclipseLogger - Using 'UTF-8' encoding to copy filtered resources.
2014-11-22 22:46:20,338 [Worker-159] INFO  o.e.m.c.i.embedder.EclipseLogger - Copying 0 resource
2014-11-22 22:46:20,342 [Worker-159] INFO  o.e.m.c.i.embedder.EclipseLogger - Using 'UTF-8' encoding to copy filtered resources.
2014-11-22 22:46:20,342 [Worker-159] INFO  o.e.m.c.i.embedder.EclipseLogger - skip non existing resourceDirectory D:\ooadworkspace\tripville\src\test\resources
2014-11-22 22:49:14,678 [Worker-165] INFO  o.e.m.c.i.embedder.EclipseLogger - Using 'UTF-8' encoding to copy filtered resources.
2014-11-22 22:49:14,679 [Worker-165] INFO  o.e.m.c.i.embedder.EclipseLogger - Copying 3 resources
2014-11-22 22:49:14,681 [Worker-165] INFO  o.e.m.c.i.embedder.EclipseLogger - Using 'UTF-8' encoding to copy filtered resources.
2014-11-22 22:49:14,681 [Worker-165] INFO  o.e.m.c.i.embedder.EclipseLogger - skip non existing resourceDirectory D:\ooadworkspace\tripville\src\test\resources
2014-11-23 03:28:18,269 [Worker-173] INFO  o.e.m.c.i.embedder.EclipseLogger - Using 'UTF-8' encoding to copy filtered resources.
2014-11-23 03:28:18,270 [Worker-173] INFO  o.e.m.c.i.embedder.EclipseLogger - Copying 0 resource
2014-11-23 03:28:18,275 [Worker-173] INFO  o.e.m.c.i.embedder.EclipseLogger - Using 'UTF-8' encoding to copy filtered resources.
2014-11-23 03:28:18,275 [Worker-173] INFO  o.e.m.c.i.embedder.EclipseLogger - skip non existing resourceDirectory D:\ooadworkspace\tripville\src\test\resources
2014-11-23 09:13:10,381 [Worker-173] INFO  o.e.m.c.i.embedder.EclipseLogger - Using 'UTF-8' encoding to copy filtered resources.
2014-11-23 09:13:10,384 [Worker-173] INFO  o.e.m.c.i.embedder.EclipseLogger - Copying 3 resources
2014-11-23 09:13:10,391 [Worker-173] INFO  o.e.m.c.i.embedder.EclipseLogger - Using 'UTF-8' encoding to copy filtered resources.
2014-11-23 09:13:10,392 [Worker-173] INFO  o.e.m.c.i.embedder.EclipseLogger - skip non existing resourceDirectory D:\ooadworkspace\tripville\src\test\resources
2014-11-23 16:59:25,207 [Worker-3] INFO  o.e.m.c.i.l.LifecycleMappingFactory - Using org.maven.ide.eclipse.wtp.WarLifecycleMapping lifecycle mapping for MavenProject: com.github.tripville:tripville:1.7-SNAPSHOT @ D:\ooadworkspace\tripville\pom.xml.
2014-11-23 16:59:25,366 [Worker-2] INFO  o.e.m.c.i.l.LifecycleMappingFactory - Using org.maven.ide.eclipse.wtp.WarLifecycleMapping lifecycle mapping for MavenProject: com.github.tripville:tripville:1.7-SNAPSHOT @ D:\ooadworkspace\tripville\pom.xml.
2014-11-23 16:59:36,626 [Worker-2] INFO  o.e.m.c.i.embedder.EclipseLogger - Using 'UTF-8' encoding to copy filtered resources.
2014-11-23 16:59:36,635 [Worker-2] INFO  o.e.m.c.i.embedder.EclipseLogger - Copying 3 resources
2014-11-23 16:59:36,669 [Worker-2] INFO  o.e.m.c.i.embedder.EclipseLogger - Using 'UTF-8' encoding to copy filtered resources.
2014-11-23 16:59:36,670 [Worker-2] INFO  o.e.m.c.i.embedder.EclipseLogger - skip non existing resourceDirectory D:\ooadworkspace\tripville\src\test\resources
2014-11-23 16:59:37,954 [Worker-8] INFO  o.e.m.c.i.l.LifecycleMappingFactory - Using org.maven.ide.eclipse.wtp.WarLifecycleMapping lifecycle mapping for MavenProject: com.github.tripville:tripville:1.7-SNAPSHOT @ D:\ooadworkspace\tripville\pom.xml.
2014-11-23 16:59:42,699 [Worker-8] INFO  o.e.m.c.i.embedder.EclipseLogger - Using 'UTF-8' encoding to copy filtered resources.
2014-11-23 16:59:42,703 [Worker-8] INFO  o.e.m.c.i.embedder.EclipseLogger - Copying 0 resource
2014-11-23 16:59:42,705 [Worker-8] INFO  o.e.m.c.i.embedder.EclipseLogger - Using 'UTF-8' encoding to copy filtered resources.
2014-11-23 16:59:42,705 [Worker-8] INFO  o.e.m.c.i.embedder.EclipseLogger - skip non existing resourceDirectory D:\ooadworkspace\tripville\src\test\resources
2014-11-23 17:03:18,142 [Worker-2] INFO  o.e.m.c.i.embedder.EclipseLogger - Using 'UTF-8' encoding to copy filtered resources.
2014-11-23 17:03:18,149 [Worker-2] INFO  o.e.m.c.i.embedder.EclipseLogger - Copying 3 resources
2014-11-23 17:03:18,150 [Worker-2] INFO  o.e.m.c.i.embedder.EclipseLogger - Using 'UTF-8' encoding to copy filtered resources.
2014-11-23 17:03:18,151 [Worker-2] INFO  o.e.m.c.i.embedder.EclipseLogger - skip non existing resourceDirectory D:\ooadworkspace\tripville\src\test\resources
2014-11-23 17:19:11,498 [Worker-11] INFO  o.e.m.c.i.embedder.EclipseLogger - Using 'UTF-8' encoding to copy filtered resources.
2014-11-23 17:19:11,501 [Worker-11] INFO  o.e.m.c.i.embedder.EclipseLogger - Copying 3 resources
2014-11-23 17:19:11,506 [Worker-11] INFO  o.e.m.c.i.embedder.EclipseLogger - Using 'UTF-8' encoding to copy filtered resources.
2014-11-23 17:19:11,506 [Worker-11] INFO  o.e.m.c.i.embedder.EclipseLogger - skip non existing resourceDirectory D:\ooadworkspace\tripville\src\test\resources
2014-11-23 17:25:48,608 [Worker-13] INFO  o.e.m.c.i.embedder.EclipseLogger - Using 'UTF-8' encoding to copy filtered resources.
2014-11-23 17:25:48,611 [Worker-13] INFO  o.e.m.c.i.embedder.EclipseLogger - Copying 3 resources
2014-11-23 17:25:48,615 [Worker-13] INFO  o.e.m.c.i.embedder.EclipseLogger - Using 'UTF-8' encoding to copy filtered resources.
2014-11-23 17:25:48,616 [Worker-13] INFO  o.e.m.c.i.embedder.EclipseLogger - skip non existing resourceDirectory D:\ooadworkspace\tripville\src\test\resources
2014-11-23 17:40:01,497 [Worker-12] INFO  o.e.m.c.i.embedder.EclipseLogger - Using 'UTF-8' encoding to copy filtered resources.
2014-11-23 17:40:01,499 [Worker-12] INFO  o.e.m.c.i.embedder.EclipseLogger - Copying 0 resource
2014-11-23 17:40:01,501 [Worker-12] INFO  o.e.m.c.i.embedder.EclipseLogger - Using 'UTF-8' encoding to copy filtered resources.
2014-11-23 17:40:01,502 [Worker-12] INFO  o.e.m.c.i.embedder.EclipseLogger - skip non existing resourceDirectory D:\ooadworkspace\tripville\src\test\resources
2014-11-23 17:44:09,437 [Worker-0] INFO  o.e.m.c.i.embedder.EclipseLogger - Using 'UTF-8' encoding to copy filtered resources.
2014-11-23 17:44:09,454 [Worker-0] INFO  o.e.m.c.i.embedder.EclipseLogger - Copying 3 resources
2014-11-23 17:44:09,454 [Worker-0] INFO  o.e.m.c.i.embedder.EclipseLogger - Using 'UTF-8' encoding to copy filtered resources.
2014-11-23 17:44:09,454 [Worker-0] INFO  o.e.m.c.i.embedder.EclipseLogger - skip non existing resourceDirectory D:\ooadworkspace\tripville\src\test\resources
2014-11-23 17:51:21,019 [Worker-3] INFO  o.e.m.c.i.embedder.EclipseLogger - Using 'UTF-8' encoding to copy filtered resources.
2014-11-23 17:51:21,028 [Worker-3] INFO  o.e.m.c.i.embedder.EclipseLogger - Copying 3 resources
2014-11-23 17:51:21,035 [Worker-3] INFO  o.e.m.c.i.embedder.EclipseLogger - Using 'UTF-8' encoding to copy filtered resources.
2014-11-23 17:51:21,036 [Worker-3] INFO  o.e.m.c.i.embedder.EclipseLogger - skip non existing resourceDirectory D:\ooadworkspace\tripville\src\test\resources
2014-11-23 18:46:44,339 [Worker-22] INFO  o.e.m.c.i.embedder.EclipseLogger - Using 'UTF-8' encoding to copy filtered resources.
2014-11-23 18:46:44,354 [Worker-22] INFO  o.e.m.c.i.embedder.EclipseLogger - Copying 3 resources
2014-11-23 18:46:44,354 [Worker-22] INFO  o.e.m.c.i.embedder.EclipseLogger - Using 'UTF-8' encoding to copy filtered resources.
2014-11-23 18:46:44,354 [Worker-22] INFO  o.e.m.c.i.embedder.EclipseLogger - skip non existing resourceDirectory D:\ooadworkspace\tripville\src\test\resources
2014-11-23 18:52:17,979 [Worker-23] INFO  o.e.m.c.i.embedder.EclipseLogger - Using 'UTF-8' encoding to copy filtered resources.
2014-11-23 18:52:17,979 [Worker-23] INFO  o.e.m.c.i.embedder.EclipseLogger - Copying 3 resources
2014-11-23 18:52:17,979 [Worker-23] INFO  o.e.m.c.i.embedder.EclipseLogger - Using 'UTF-8' encoding to copy filtered resources.
2014-11-23 18:52:17,979 [Worker-23] INFO  o.e.m.c.i.embedder.EclipseLogger - skip non existing resourceDirectory D:\ooadworkspace\tripville\src\test\resources
2014-11-23 19:07:12,101 [Worker-30] INFO  o.e.m.c.i.l.LifecycleMappingFactory - Using org.maven.ide.eclipse.wtp.WarLifecycleMapping lifecycle mapping for MavenProject: com.github.tripville:tripville:1.7-SNAPSHOT @ D:\ooadworkspace\tripville\pom.xml.
2014-11-23 19:07:15,944 [Worker-30] INFO  o.e.m.c.i.embedder.EclipseLogger - Using 'UTF-8' encoding to copy filtered resources.
2014-11-23 19:07:15,944 [Worker-30] INFO  o.e.m.c.i.embedder.EclipseLogger - Copying 0 resource
2014-11-23 19:07:15,944 [Worker-30] INFO  o.e.m.c.i.embedder.EclipseLogger - Using 'UTF-8' encoding to copy filtered resources.
2014-11-23 19:07:15,944 [Worker-30] INFO  o.e.m.c.i.embedder.EclipseLogger - skip non existing resourceDirectory D:\ooadworkspace\tripville\src\test\resources
2014-11-23 19:07:15,944 [Worker-30] INFO  o.e.m.w.i.f.ResourceFilteringBuildParticipant - Changed resources require a complete clean of filtered resources of tripville
2014-11-23 19:07:15,944 [Worker-30] INFO  o.e.m.w.i.f.ResourceFilteringBuildParticipant - Executing resource filtering for tripville
2014-11-23 19:07:15,960 [Worker-30] INFO  o.e.m.c.i.embedder.EclipseLogger - Using 'UTF-8' encoding to copy filtered resources.
2014-11-23 19:07:59,708 [Worker-24] INFO  o.e.m.c.i.embedder.EclipseLogger - Using 'UTF-8' encoding to copy filtered resources.
2014-11-23 19:07:59,708 [Worker-24] INFO  o.e.m.c.i.embedder.EclipseLogger - Copying 0 resource
2014-11-23 19:07:59,708 [Worker-24] INFO  o.e.m.c.i.embedder.EclipseLogger - Using 'UTF-8' encoding to copy filtered resources.
2014-11-23 19:07:59,708 [Worker-24] INFO  o.e.m.c.i.embedder.EclipseLogger - skip non existing resourceDirectory D:\ooadworkspace\tripville\src\test\resources
2014-11-23 19:11:04,758 [Worker-35] INFO  o.e.m.c.i.embedder.EclipseLogger - Using 'UTF-8' encoding to copy filtered resources.
2014-11-23 19:11:04,758 [Worker-35] INFO  o.e.m.c.i.embedder.EclipseLogger - Copying 3 resources
2014-11-23 19:11:04,758 [Worker-35] INFO  o.e.m.c.i.embedder.EclipseLogger - Using 'UTF-8' encoding to copy filtered resources.
2014-11-23 19:11:04,758 [Worker-35] INFO  o.e.m.c.i.embedder.EclipseLogger - skip non existing resourceDirectory D:\ooadworkspace\tripville\src\test\resources
2014-11-24 18:05:12,168 [Worker-110] INFO  o.e.m.c.i.embedder.EclipseLogger - Using 'UTF-8' encoding to copy filtered resources.
2014-11-24 18:05:12,168 [Worker-110] INFO  o.e.m.c.i.embedder.EclipseLogger - Copying 0 resource
2014-11-24 18:05:12,168 [Worker-110] INFO  o.e.m.c.i.embedder.EclipseLogger - Using 'UTF-8' encoding to copy filtered resources.
2014-11-24 18:05:12,168 [Worker-110] INFO  o.e.m.c.i.embedder.EclipseLogger - skip non existing resourceDirectory D:\ooadworkspace\tripville\src\test\resources
2014-11-24 18:05:34,503 [Worker-113] INFO  o.e.m.c.i.embedder.EclipseLogger - Using 'UTF-8' encoding to copy filtered resources.
2014-11-24 18:05:34,503 [Worker-113] INFO  o.e.m.c.i.embedder.EclipseLogger - Copying 0 resource
2014-11-24 18:05:34,503 [Worker-113] INFO  o.e.m.c.i.embedder.EclipseLogger - Using 'UTF-8' encoding to copy filtered resources.
2014-11-24 18:05:34,503 [Worker-113] INFO  o.e.m.c.i.embedder.EclipseLogger - skip non existing resourceDirectory D:\ooadworkspace\tripville\src\test\resources
2014-11-24 18:10:57,983 [Worker-118] INFO  o.e.m.c.i.embedder.EclipseLogger - Using 'UTF-8' encoding to copy filtered resources.
2014-11-24 18:10:57,983 [Worker-118] INFO  o.e.m.c.i.embedder.EclipseLogger - Copying 3 resources
2014-11-24 18:10:57,998 [Worker-118] INFO  o.e.m.c.i.embedder.EclipseLogger - Using 'UTF-8' encoding to copy filtered resources.
2014-11-24 18:10:57,998 [Worker-118] INFO  o.e.m.c.i.embedder.EclipseLogger - skip non existing resourceDirectory D:\ooadworkspace\tripville\src\test\resources
2014-11-24 18:30:11,059 [Worker-119] INFO  o.e.m.c.i.embedder.EclipseLogger - Using 'UTF-8' encoding to copy filtered resources.
2014-11-24 18:30:11,059 [Worker-119] INFO  o.e.m.c.i.embedder.EclipseLogger - Copying 0 resource
2014-11-24 18:30:11,059 [Worker-119] INFO  o.e.m.c.i.embedder.EclipseLogger - Using 'UTF-8' encoding to copy filtered resources.
2014-11-24 18:30:11,059 [Worker-119] INFO  o.e.m.c.i.embedder.EclipseLogger - skip non existing resourceDirectory D:\ooadworkspace\tripville\src\test\resources
2014-11-24 18:34:59,655 [Worker-120] INFO  o.e.m.c.i.embedder.EclipseLogger - Using 'UTF-8' encoding to copy filtered resources.
2014-11-24 18:34:59,655 [Worker-120] INFO  o.e.m.c.i.embedder.EclipseLogger - Copying 3 resources
2014-11-24 18:34:59,655 [Worker-120] INFO  o.e.m.c.i.embedder.EclipseLogger - Using 'UTF-8' encoding to copy filtered resources.
2014-11-24 18:34:59,655 [Worker-120] INFO  o.e.m.c.i.embedder.EclipseLogger - skip non existing resourceDirectory D:\ooadworkspace\tripville\src\test\resources
2014-11-24 18:37:32,588 [Worker-120] INFO  o.e.m.c.i.embedder.EclipseLogger - Using 'UTF-8' encoding to copy filtered resources.
2014-11-24 18:37:32,603 [Worker-120] INFO  o.e.m.c.i.embedder.EclipseLogger - Copying 0 resource
2014-11-24 18:37:32,603 [Worker-120] INFO  o.e.m.c.i.embedder.EclipseLogger - Using 'UTF-8' encoding to copy filtered resources.
2014-11-24 18:37:32,603 [Worker-120] INFO  o.e.m.c.i.embedder.EclipseLogger - skip non existing resourceDirectory D:\ooadworkspace\tripville\src\test\resources
2014-11-24 18:47:00,056 [Worker-125] INFO  o.e.m.c.i.embedder.EclipseLogger - Using 'UTF-8' encoding to copy filtered resources.
2014-11-24 18:47:00,056 [Worker-125] INFO  o.e.m.c.i.embedder.EclipseLogger - Copying 3 resources
2014-11-24 18:47:00,056 [Worker-125] INFO  o.e.m.c.i.embedder.EclipseLogger - Using 'UTF-8' encoding to copy filtered resources.
2014-11-24 18:47:00,056 [Worker-125] INFO  o.e.m.c.i.embedder.EclipseLogger - skip non existing resourceDirectory D:\ooadworkspace\tripville\src\test\resources
2014-11-24 18:47:47,903 [Worker-126] INFO  o.e.m.c.i.embedder.EclipseLogger - Using 'UTF-8' encoding to copy filtered resources.
2014-11-24 18:47:47,903 [Worker-126] INFO  o.e.m.c.i.embedder.EclipseLogger - Copying 3 resources
2014-11-24 18:47:47,903 [Worker-126] INFO  o.e.m.c.i.embedder.EclipseLogger - Using 'UTF-8' encoding to copy filtered resources.
2014-11-24 18:47:47,903 [Worker-126] INFO  o.e.m.c.i.embedder.EclipseLogger - skip non existing resourceDirectory D:\ooadworkspace\tripville\src\test\resources
2014-11-24 18:48:54,036 [Worker-125] INFO  o.e.m.c.i.embedder.EclipseLogger - Using 'UTF-8' encoding to copy filtered resources.
2014-11-24 18:48:54,036 [Worker-125] INFO  o.e.m.c.i.embedder.EclipseLogger - Copying 3 resources
2014-11-24 18:48:54,051 [Worker-125] INFO  o.e.m.c.i.embedder.EclipseLogger - Using 'UTF-8' encoding to copy filtered resources.
2014-11-24 18:48:54,051 [Worker-125] INFO  o.e.m.c.i.embedder.EclipseLogger - skip non existing resourceDirectory D:\ooadworkspace\tripville\src\test\resources
2014-11-24 18:49:48,402 [Worker-125] INFO  o.e.m.c.i.embedder.EclipseLogger - Using 'UTF-8' encoding to copy filtered resources.
2014-11-24 18:49:48,402 [Worker-125] INFO  o.e.m.c.i.embedder.EclipseLogger - Copying 3 resources
2014-11-24 18:49:48,402 [Worker-125] INFO  o.e.m.c.i.embedder.EclipseLogger - Using 'UTF-8' encoding to copy filtered resources.
2014-11-24 18:49:48,402 [Worker-125] INFO  o.e.m.c.i.embedder.EclipseLogger - skip non existing resourceDirectory D:\ooadworkspace\tripville\src\test\resources
2014-11-24 19:23:44,768 [Worker-131] INFO  o.e.m.c.i.embedder.EclipseLogger - Using 'UTF-8' encoding to copy filtered resources.
2014-11-24 19:23:44,783 [Worker-131] INFO  o.e.m.c.i.embedder.EclipseLogger - Copying 0 resource
2014-11-24 19:23:44,783 [Worker-131] INFO  o.e.m.c.i.embedder.EclipseLogger - Using 'UTF-8' encoding to copy filtered resources.
2014-11-24 19:23:44,783 [Worker-131] INFO  o.e.m.c.i.embedder.EclipseLogger - skip non existing resourceDirectory D:\ooadworkspace\tripville\src\test\resources
2014-11-24 19:48:32,975 [Worker-144] INFO  o.e.m.c.i.embedder.EclipseLogger - Using 'UTF-8' encoding to copy filtered resources.
2014-11-24 19:48:32,975 [Worker-144] INFO  o.e.m.c.i.embedder.EclipseLogger - Copying 0 resource
2014-11-24 19:48:32,975 [Worker-144] INFO  o.e.m.c.i.embedder.EclipseLogger - Using 'UTF-8' encoding to copy filtered resources.
2014-11-24 19:48:32,991 [Worker-144] INFO  o.e.m.c.i.embedder.EclipseLogger - skip non existing resourceDirectory D:\ooadworkspace\tripville\src\test\resources
2014-11-24 19:49:22,300 [Worker-142] INFO  o.e.m.c.i.embedder.EclipseLogger - Using 'UTF-8' encoding to copy filtered resources.
2014-11-24 19:49:22,301 [Worker-142] INFO  o.e.m.c.i.embedder.EclipseLogger - Copying 0 resource
2014-11-24 19:49:22,303 [Worker-142] INFO  o.e.m.c.i.embedder.EclipseLogger - Using 'UTF-8' encoding to copy filtered resources.
2014-11-24 19:49:22,303 [Worker-142] INFO  o.e.m.c.i.embedder.EclipseLogger - skip non existing resourceDirectory D:\ooadworkspace\tripville\src\test\resources
2014-11-24 20:17:33,318 [Worker-151] INFO  o.e.m.c.i.embedder.EclipseLogger - Using 'UTF-8' encoding to copy filtered resources.
2014-11-24 20:17:33,318 [Worker-151] INFO  o.e.m.c.i.embedder.EclipseLogger - Copying 0 resource
2014-11-24 20:17:33,318 [Worker-151] INFO  o.e.m.c.i.embedder.EclipseLogger - Using 'UTF-8' encoding to copy filtered resources.
2014-11-24 20:17:33,318 [Worker-151] INFO  o.e.m.c.i.embedder.EclipseLogger - skip non existing resourceDirectory D:\ooadworkspace\tripville\src\test\resources
2014-11-24 20:19:23,790 [Worker-158] INFO  o.e.m.c.i.embedder.EclipseLogger - Using 'UTF-8' encoding to copy filtered resources.
2014-11-24 20:19:23,790 [Worker-158] INFO  o.e.m.c.i.embedder.EclipseLogger - Copying 0 resource
2014-11-24 20:19:23,790 [Worker-158] INFO  o.e.m.c.i.embedder.EclipseLogger - Using 'UTF-8' encoding to copy filtered resources.
2014-11-24 20:19:23,790 [Worker-158] INFO  o.e.m.c.i.embedder.EclipseLogger - skip non existing resourceDirectory D:\ooadworkspace\tripville\src\test\resources
2014-11-24 20:34:23,486 [Worker-165] INFO  o.e.m.c.i.embedder.EclipseLogger - Using 'UTF-8' encoding to copy filtered resources.
2014-11-24 20:34:23,486 [Worker-165] INFO  o.e.m.c.i.embedder.EclipseLogger - Copying 0 resource
2014-11-24 20:34:23,486 [Worker-165] INFO  o.e.m.c.i.embedder.EclipseLogger - Using 'UTF-8' encoding to copy filtered resources.
2014-11-24 20:34:23,486 [Worker-165] INFO  o.e.m.c.i.embedder.EclipseLogger - skip non existing resourceDirectory D:\ooadworkspace\tripville\src\test\resources
2014-11-24 20:51:23,740 [Worker-174] INFO  o.e.m.c.i.embedder.EclipseLogger - Using 'UTF-8' encoding to copy filtered resources.
2014-11-24 20:51:23,740 [Worker-174] INFO  o.e.m.c.i.embedder.EclipseLogger - Copying 0 resource
2014-11-24 20:51:23,740 [Worker-174] INFO  o.e.m.c.i.embedder.EclipseLogger - Using 'UTF-8' encoding to copy filtered resources.
2014-11-24 20:51:23,740 [Worker-174] INFO  o.e.m.c.i.embedder.EclipseLogger - skip non existing resourceDirectory D:\ooadworkspace\tripville\src\test\resources
2014-11-24 20:53:19,726 [Worker-174] INFO  o.e.m.c.i.embedder.EclipseLogger - Using 'UTF-8' encoding to copy filtered resources.
2014-11-24 20:53:19,726 [Worker-174] INFO  o.e.m.c.i.embedder.EclipseLogger - Copying 0 resource
2014-11-24 20:53:19,757 [Worker-174] INFO  o.e.m.c.i.embedder.EclipseLogger - Using 'UTF-8' encoding to copy filtered resources.
2014-11-24 20:53:19,757 [Worker-174] INFO  o.e.m.c.i.embedder.EclipseLogger - skip non existing resourceDirectory D:\ooadworkspace\tripville\src\test\resources
2014-11-24 20:53:56,855 [Worker-174] INFO  o.e.m.c.i.embedder.EclipseLogger - Using 'UTF-8' encoding to copy filtered resources.
2014-11-24 20:53:56,855 [Worker-174] INFO  o.e.m.c.i.embedder.EclipseLogger - Copying 0 resource
2014-11-24 20:53:56,871 [Worker-174] INFO  o.e.m.c.i.embedder.EclipseLogger - Using 'UTF-8' encoding to copy filtered resources.
2014-11-24 20:53:56,871 [Worker-174] INFO  o.e.m.c.i.embedder.EclipseLogger - skip non existing resourceDirectory D:\ooadworkspace\tripville\src\test\resources
2014-11-25 21:02:31,742 [Worker-190] INFO  o.e.m.c.i.embedder.EclipseLogger - Using 'UTF-8' encoding to copy filtered resources.
2014-11-25 21:02:32,235 [Worker-190] INFO  o.e.m.c.i.embedder.EclipseLogger - Copying 0 resource
2014-11-25 21:02:32,281 [Worker-190] INFO  o.e.m.c.i.embedder.EclipseLogger - Using 'UTF-8' encoding to copy filtered resources.
2014-11-25 21:02:32,281 [Worker-190] INFO  o.e.m.c.i.embedder.EclipseLogger - skip non existing resourceDirectory D:\ooadworkspace\tripville\src\test\resources
2014-11-25 21:26:11,685 [Worker-190] INFO  o.e.m.c.i.embedder.EclipseLogger - Using 'UTF-8' encoding to copy filtered resources.
2014-11-25 21:26:11,685 [Worker-190] INFO  o.e.m.c.i.embedder.EclipseLogger - Copying 0 resource
2014-11-25 21:26:11,701 [Worker-190] INFO  o.e.m.c.i.embedder.EclipseLogger - Using 'UTF-8' encoding to copy filtered resources.
2014-11-25 21:26:11,701 [Worker-190] INFO  o.e.m.c.i.embedder.EclipseLogger - skip non existing resourceDirectory D:\ooadworkspace\tripville\src\test\resources
2014-11-25 21:28:35,134 [Worker-190] INFO  o.e.m.c.i.embedder.EclipseLogger - Using 'UTF-8' encoding to copy filtered resources.
2014-11-25 21:28:35,134 [Worker-190] INFO  o.e.m.c.i.embedder.EclipseLogger - Copying 0 resource
2014-11-25 21:28:35,150 [Worker-190] INFO  o.e.m.c.i.embedder.EclipseLogger - Using 'UTF-8' encoding to copy filtered resources.
2014-11-25 21:28:35,150 [Worker-190] INFO  o.e.m.c.i.embedder.EclipseLogger - skip non existing resourceDirectory D:\ooadworkspace\tripville\src\test\resources
2014-11-25 21:33:32,076 [Worker-4] INFO  o.e.m.c.i.l.LifecycleMappingFactory - Using org.maven.ide.eclipse.wtp.WarLifecycleMapping lifecycle mapping for MavenProject: com.github.tripville:tripville:1.7-SNAPSHOT @ D:\ooadworkspace\tripville\pom.xml.
2014-11-25 21:33:37,115 [Worker-4] INFO  o.e.m.c.i.embedder.EclipseLogger - Using 'UTF-8' encoding to copy filtered resources.
2014-11-25 21:33:37,115 [Worker-4] INFO  o.e.m.c.i.embedder.EclipseLogger - Copying 3 resources
2014-11-25 21:33:37,136 [Worker-4] INFO  o.e.m.c.i.embedder.EclipseLogger - Using 'UTF-8' encoding to copy filtered resources.
2014-11-25 21:33:37,136 [Worker-4] INFO  o.e.m.c.i.embedder.EclipseLogger - skip non existing resourceDirectory D:\ooadworkspace\tripville\src\test\resources
2014-11-26 00:12:54,784 [Worker-4] INFO  o.e.m.c.i.embedder.EclipseLogger - Using 'UTF-8' encoding to copy filtered resources.
2014-11-26 00:12:54,795 [Worker-4] INFO  o.e.m.c.i.embedder.EclipseLogger - Copying 3 resources
2014-11-26 00:12:54,804 [Worker-4] INFO  o.e.m.c.i.embedder.EclipseLogger - Using 'UTF-8' encoding to copy filtered resources.
2014-11-26 00:12:54,804 [Worker-4] INFO  o.e.m.c.i.embedder.EclipseLogger - skip non existing resourceDirectory D:\ooadworkspace\tripville\src\test\resources
2014-11-26 00:19:18,054 [Worker-1] INFO  o.e.m.c.i.embedder.EclipseLogger - Using 'UTF-8' encoding to copy filtered resources.
2014-11-26 00:19:18,077 [Worker-1] INFO  o.e.m.c.i.embedder.EclipseLogger - Copying 3 resources
2014-11-26 00:19:18,095 [Worker-1] INFO  o.e.m.c.i.embedder.EclipseLogger - Using 'UTF-8' encoding to copy filtered resources.
2014-11-26 00:19:18,095 [Worker-1] INFO  o.e.m.c.i.embedder.EclipseLogger - skip non existing resourceDirectory D:\ooadworkspace\tripville\src\test\resources
2014-11-26 00:22:03,738 [Worker-5] INFO  o.e.m.c.i.embedder.EclipseLogger - Using 'UTF-8' encoding to copy filtered resources.
2014-11-26 00:22:03,746 [Worker-5] INFO  o.e.m.c.i.embedder.EclipseLogger - Copying 0 resource
2014-11-26 00:22:03,753 [Worker-5] INFO  o.e.m.c.i.embedder.EclipseLogger - Using 'UTF-8' encoding to copy filtered resources.
2014-11-26 00:22:03,753 [Worker-5] INFO  o.e.m.c.i.embedder.EclipseLogger - skip non existing resourceDirectory D:\ooadworkspace\tripville\src\test\resources
2014-11-26 00:22:27,600 [Worker-6] INFO  o.e.m.c.i.embedder.EclipseLogger - Using 'UTF-8' encoding to copy filtered resources.
2014-11-26 00:22:27,601 [Worker-6] INFO  o.e.m.c.i.embedder.EclipseLogger - Copying 0 resource
2014-11-26 00:22:27,607 [Worker-6] INFO  o.e.m.c.i.embedder.EclipseLogger - Using 'UTF-8' encoding to copy filtered resources.
2014-11-26 00:22:27,607 [Worker-6] INFO  o.e.m.c.i.embedder.EclipseLogger - skip non existing resourceDirectory D:\ooadworkspace\tripville\src\test\resources
2014-11-26 00:23:50,659 [Worker-7] INFO  o.e.m.c.i.embedder.EclipseLogger - Using 'UTF-8' encoding to copy filtered resources.
2014-11-26 00:23:50,663 [Worker-7] INFO  o.e.m.c.i.embedder.EclipseLogger - Copying 0 resource
2014-11-26 00:23:50,666 [Worker-7] INFO  o.e.m.c.i.embedder.EclipseLogger - Using 'UTF-8' encoding to copy filtered resources.
2014-11-26 00:23:50,667 [Worker-7] INFO  o.e.m.c.i.embedder.EclipseLogger - skip non existing resourceDirectory D:\ooadworkspace\tripville\src\test\resources
2014-11-26 00:36:52,099 [Worker-11] INFO  o.e.m.c.i.embedder.EclipseLogger - Using 'UTF-8' encoding to copy filtered resources.
2014-11-26 00:36:52,101 [Worker-11] INFO  o.e.m.c.i.embedder.EclipseLogger - Copying 0 resource
2014-11-26 00:36:52,106 [Worker-11] INFO  o.e.m.c.i.embedder.EclipseLogger - Using 'UTF-8' encoding to copy filtered resources.
2014-11-26 00:36:52,107 [Worker-11] INFO  o.e.m.c.i.embedder.EclipseLogger - skip non existing resourceDirectory D:\ooadworkspace\tripville\src\test\resources
2014-11-26 00:37:38,957 [Worker-7] INFO  o.e.m.c.i.embedder.EclipseLogger - Using 'UTF-8' encoding to copy filtered resources.
2014-11-26 00:37:38,958 [Worker-7] INFO  o.e.m.c.i.embedder.EclipseLogger - Copying 0 resource
2014-11-26 00:37:38,961 [Worker-7] INFO  o.e.m.c.i.embedder.EclipseLogger - Using 'UTF-8' encoding to copy filtered resources.
2014-11-26 00:37:38,961 [Worker-7] INFO  o.e.m.c.i.embedder.EclipseLogger - skip non existing resourceDirectory D:\ooadworkspace\tripville\src\test\resources
2014-11-26 00:38:41,712 [Worker-7] INFO  o.e.m.c.i.embedder.EclipseLogger - Using 'UTF-8' encoding to copy filtered resources.
2014-11-26 00:38:41,719 [Worker-7] INFO  o.e.m.c.i.embedder.EclipseLogger - Copying 3 resources
2014-11-26 00:38:41,721 [Worker-7] INFO  o.e.m.c.i.embedder.EclipseLogger - Using 'UTF-8' encoding to copy filtered resources.
2014-11-26 00:38:41,721 [Worker-7] INFO  o.e.m.c.i.embedder.EclipseLogger - skip non existing resourceDirectory D:\ooadworkspace\tripville\src\test\resources
2014-11-26 00:50:33,733 [Worker-20] INFO  o.e.m.c.i.embedder.EclipseLogger - Using 'UTF-8' encoding to copy filtered resources.
2014-11-26 00:50:33,735 [Worker-20] INFO  o.e.m.c.i.embedder.EclipseLogger - Copying 3 resources
2014-11-26 00:50:33,739 [Worker-20] INFO  o.e.m.c.i.embedder.EclipseLogger - Using 'UTF-8' encoding to copy filtered resources.
2014-11-26 00:50:33,740 [Worker-20] INFO  o.e.m.c.i.embedder.EclipseLogger - skip non existing resourceDirectory D:\ooadworkspace\tripville\src\test\resources
2014-11-26 00:53:02,911 [Worker-17] INFO  o.e.m.c.i.embedder.EclipseLogger - Using 'UTF-8' encoding to copy filtered resources.
2014-11-26 00:53:02,912 [Worker-17] INFO  o.e.m.c.i.embedder.EclipseLogger - Copying 3 resources
2014-11-26 00:53:02,914 [Worker-17] INFO  o.e.m.c.i.embedder.EclipseLogger - Using 'UTF-8' encoding to copy filtered resources.
2014-11-26 00:53:02,914 [Worker-17] INFO  o.e.m.c.i.embedder.EclipseLogger - skip non existing resourceDirectory D:\ooadworkspace\tripville\src\test\resources
2014-11-26 00:59:20,061 [Worker-18] INFO  o.e.m.c.i.embedder.EclipseLogger - Using 'UTF-8' encoding to copy filtered resources.
2014-11-26 00:59:20,062 [Worker-18] INFO  o.e.m.c.i.embedder.EclipseLogger - Copying 3 resources
2014-11-26 00:59:20,065 [Worker-18] INFO  o.e.m.c.i.embedder.EclipseLogger - Using 'UTF-8' encoding to copy filtered resources.
2014-11-26 00:59:20,065 [Worker-18] INFO  o.e.m.c.i.embedder.EclipseLogger - skip non existing resourceDirectory D:\ooadworkspace\tripville\src\test\resources
2014-11-26 01:00:15,979 [Worker-32] INFO  o.e.m.c.i.embedder.EclipseLogger - Using 'UTF-8' encoding to copy filtered resources.
2014-11-26 01:00:15,980 [Worker-32] INFO  o.e.m.c.i.embedder.EclipseLogger - Copying 3 resources
2014-11-26 01:00:15,983 [Worker-32] INFO  o.e.m.c.i.embedder.EclipseLogger - Using 'UTF-8' encoding to copy filtered resources.
2014-11-26 01:00:15,983 [Worker-32] INFO  o.e.m.c.i.embedder.EclipseLogger - skip non existing resourceDirectory D:\ooadworkspace\tripville\src\test\resources
2014-11-26 01:01:54,303 [Worker-30] INFO  o.e.m.c.i.embedder.EclipseLogger - Using 'UTF-8' encoding to copy filtered resources.
2014-11-26 01:01:54,304 [Worker-30] INFO  o.e.m.c.i.embedder.EclipseLogger - Copying 3 resources
2014-11-26 01:01:54,306 [Worker-30] INFO  o.e.m.c.i.embedder.EclipseLogger - Using 'UTF-8' encoding to copy filtered resources.
2014-11-26 01:01:54,306 [Worker-30] INFO  o.e.m.c.i.embedder.EclipseLogger - skip non existing resourceDirectory D:\ooadworkspace\tripville\src\test\resources
2014-11-26 01:05:21,669 [Worker-31] INFO  o.e.m.c.i.embedder.EclipseLogger - Using 'UTF-8' encoding to copy filtered resources.
2014-11-26 01:05:21,670 [Worker-31] INFO  o.e.m.c.i.embedder.EclipseLogger - Copying 3 resources
2014-11-26 01:05:21,672 [Worker-31] INFO  o.e.m.c.i.embedder.EclipseLogger - Using 'UTF-8' encoding to copy filtered resources.
2014-11-26 01:05:21,672 [Worker-31] INFO  o.e.m.c.i.embedder.EclipseLogger - skip non existing resourceDirectory D:\ooadworkspace\tripville\src\test\resources
2014-11-26 12:43:30,817 [Worker-2] INFO  o.e.m.c.i.embedder.EclipseLogger - Using 'UTF-8' encoding to copy filtered resources.
2014-11-26 12:43:30,832 [Worker-2] INFO  o.e.m.c.i.embedder.EclipseLogger - Copying 3 resources
2014-11-26 12:43:30,852 [Worker-2] INFO  o.e.m.c.i.embedder.EclipseLogger - Using 'UTF-8' encoding to copy filtered resources.
2014-11-26 12:43:30,852 [Worker-2] INFO  o.e.m.c.i.embedder.EclipseLogger - skip non existing resourceDirectory D:\ooadworkspace\tripville\src\test\resources
2014-11-26 13:09:55,747 [Worker-13] INFO  o.e.m.c.i.embedder.EclipseLogger - Using 'UTF-8' encoding to copy filtered resources.
2014-11-26 13:09:55,755 [Worker-13] INFO  o.e.m.c.i.embedder.EclipseLogger - Copying 3 resources
2014-11-26 13:09:55,757 [Worker-13] INFO  o.e.m.c.i.embedder.EclipseLogger - Using 'UTF-8' encoding to copy filtered resources.
2014-11-26 13:09:55,758 [Worker-13] INFO  o.e.m.c.i.embedder.EclipseLogger - skip non existing resourceDirectory D:\ooadworkspace\tripville\src\test\resources
2014-11-27 14:41:43,845 [Worker-7] INFO  o.e.m.c.i.embedder.EclipseLogger - Using 'UTF-8' encoding to copy filtered resources.
2014-11-27 14:41:43,895 [Worker-7] INFO  o.e.m.c.i.embedder.EclipseLogger - Copying 3 resources
2014-11-27 14:41:43,938 [Worker-7] INFO  o.e.m.c.i.embedder.EclipseLogger - Using 'UTF-8' encoding to copy filtered resources.
2014-11-27 14:41:43,938 [Worker-7] INFO  o.e.m.c.i.embedder.EclipseLogger - skip non existing resourceDirectory D:\ooadworkspace\tripville\src\test\resources
2014-11-29 17:55:35,988 [Worker-197] INFO  o.e.m.c.i.embedder.EclipseLogger - Using 'UTF-8' encoding to copy filtered resources.
2014-11-29 17:55:35,995 [Worker-197] INFO  o.e.m.c.i.embedder.EclipseLogger - Copying 0 resource
2014-11-29 17:55:35,999 [Worker-197] INFO  o.e.m.c.i.embedder.EclipseLogger - Using 'UTF-8' encoding to copy filtered resources.
2014-11-29 17:55:35,999 [Worker-197] INFO  o.e.m.c.i.embedder.EclipseLogger - skip non existing resourceDirectory D:\ooadworkspace\tripville\src\test\resources
2014-11-29 17:59:44,203 [Worker-197] INFO  o.e.m.c.i.embedder.EclipseLogger - Using 'UTF-8' encoding to copy filtered resources.
2014-11-29 17:59:44,204 [Worker-197] INFO  o.e.m.c.i.embedder.EclipseLogger - Copying 0 resource
2014-11-29 17:59:44,206 [Worker-197] INFO  o.e.m.c.i.embedder.EclipseLogger - Using 'UTF-8' encoding to copy filtered resources.
2014-11-29 17:59:44,207 [Worker-197] INFO  o.e.m.c.i.embedder.EclipseLogger - skip non existing resourceDirectory D:\ooadworkspace\tripville\src\test\resources
2014-11-29 18:00:30,343 [Worker-208] INFO  o.e.m.c.i.embedder.EclipseLogger - Using 'UTF-8' encoding to copy filtered resources.
2014-11-29 18:00:30,344 [Worker-208] INFO  o.e.m.c.i.embedder.EclipseLogger - Copying 0 resource
2014-11-29 18:00:30,349 [Worker-208] INFO  o.e.m.c.i.embedder.EclipseLogger - Using 'UTF-8' encoding to copy filtered resources.
2014-11-29 18:00:30,349 [Worker-208] INFO  o.e.m.c.i.embedder.EclipseLogger - skip non existing resourceDirectory D:\ooadworkspace\tripville\src\test\resources
2014-11-29 18:06:39,890 [Worker-210] INFO  o.e.m.c.i.embedder.EclipseLogger - Using 'UTF-8' encoding to copy filtered resources.
2014-11-29 18:06:39,891 [Worker-210] INFO  o.e.m.c.i.embedder.EclipseLogger - Copying 0 resource
2014-11-29 18:06:39,894 [Worker-210] INFO  o.e.m.c.i.embedder.EclipseLogger - Using 'UTF-8' encoding to copy filtered resources.
2014-11-29 18:06:39,894 [Worker-210] INFO  o.e.m.c.i.embedder.EclipseLogger - skip non existing resourceDirectory D:\ooadworkspace\tripville\src\test\resources
2014-11-29 18:07:22,237 [Worker-4] INFO  o.e.m.c.i.embedder.EclipseLogger - Using 'UTF-8' encoding to copy filtered resources.
2014-11-29 18:07:22,262 [Worker-4] INFO  o.e.m.c.i.embedder.EclipseLogger - Copying 3 resources
2014-11-29 18:07:22,270 [Worker-4] INFO  o.e.m.c.i.embedder.EclipseLogger - Using 'UTF-8' encoding to copy filtered resources.
2014-11-29 18:07:22,270 [Worker-4] INFO  o.e.m.c.i.embedder.EclipseLogger - skip non existing resourceDirectory D:\ooadworkspace\tripville\src\test\resources
2014-11-29 18:13:28,912 [Worker-2] INFO  o.e.m.c.i.embedder.EclipseLogger - Using 'UTF-8' encoding to copy filtered resources.
2014-11-29 18:13:28,943 [Worker-2] INFO  o.e.m.c.i.embedder.EclipseLogger - Copying 0 resource
2014-11-29 18:13:28,948 [Worker-2] INFO  o.e.m.c.i.embedder.EclipseLogger - Using 'UTF-8' encoding to copy filtered resources.
2014-11-29 18:13:28,948 [Worker-2] INFO  o.e.m.c.i.embedder.EclipseLogger - skip non existing resourceDirectory D:\ooadworkspace\tripville\src\test\resources
2014-11-29 18:24:09,920 [Worker-14] INFO  o.e.m.c.i.embedder.EclipseLogger - Using 'UTF-8' encoding to copy filtered resources.
2014-11-29 18:24:09,921 [Worker-14] INFO  o.e.m.c.i.embedder.EclipseLogger - Copying 0 resource
2014-11-29 18:24:09,933 [Worker-14] INFO  o.e.m.c.i.embedder.EclipseLogger - Using 'UTF-8' encoding to copy filtered resources.
2014-11-29 18:24:09,934 [Worker-14] INFO  o.e.m.c.i.embedder.EclipseLogger - skip non existing resourceDirectory D:\ooadworkspace\tripville\src\test\resources
2014-11-29 18:42:50,378 [Worker-27] INFO  o.e.m.c.i.embedder.EclipseLogger - Using 'UTF-8' encoding to copy filtered resources.
2014-11-29 18:42:50,419 [Worker-27] INFO  o.e.m.c.i.embedder.EclipseLogger - Copying 3 resources
2014-11-29 18:42:50,421 [Worker-27] INFO  o.e.m.c.i.embedder.EclipseLogger - Using 'UTF-8' encoding to copy filtered resources.
2014-11-29 18:42:50,422 [Worker-27] INFO  o.e.m.c.i.embedder.EclipseLogger - skip non existing resourceDirectory D:\ooadworkspace\tripville\src\test\resources
2014-11-29 18:43:10,098 [Worker-26] INFO  o.e.m.c.i.embedder.EclipseLogger - Using 'UTF-8' encoding to copy filtered resources.
2014-11-29 18:43:10,099 [Worker-26] INFO  o.e.m.c.i.embedder.EclipseLogger - Copying 0 resource
2014-11-29 18:43:10,102 [Worker-26] INFO  o.e.m.c.i.embedder.EclipseLogger - Using 'UTF-8' encoding to copy filtered resources.
2014-11-29 18:43:10,102 [Worker-26] INFO  o.e.m.c.i.embedder.EclipseLogger - skip non existing resourceDirectory D:\ooadworkspace\tripville\src\test\resources
2014-11-29 18:45:10,930 [Worker-28] INFO  o.e.m.c.i.embedder.EclipseLogger - Using 'UTF-8' encoding to copy filtered resources.
2014-11-29 18:45:10,932 [Worker-28] INFO  o.e.m.c.i.embedder.EclipseLogger - Copying 0 resource
2014-11-29 18:45:10,934 [Worker-28] INFO  o.e.m.c.i.embedder.EclipseLogger - Using 'UTF-8' encoding to copy filtered resources.
2014-11-29 18:45:10,935 [Worker-28] INFO  o.e.m.c.i.embedder.EclipseLogger - skip non existing resourceDirectory D:\ooadworkspace\tripville\src\test\resources
2014-11-29 18:50:48,206 [Worker-34] INFO  o.e.m.c.i.embedder.EclipseLogger - Using 'UTF-8' encoding to copy filtered resources.
2014-11-29 18:50:48,207 [Worker-34] INFO  o.e.m.c.i.embedder.EclipseLogger - Copying 3 resources
2014-11-29 18:50:48,210 [Worker-34] INFO  o.e.m.c.i.embedder.EclipseLogger - Using 'UTF-8' encoding to copy filtered resources.
2014-11-29 18:50:48,210 [Worker-34] INFO  o.e.m.c.i.embedder.EclipseLogger - skip non existing resourceDirectory D:\ooadworkspace\tripville\src\test\resources
2014-11-29 19:22:54,402 [Worker-43] INFO  o.e.m.c.i.embedder.EclipseLogger - Using 'UTF-8' encoding to copy filtered resources.
2014-11-29 19:22:54,403 [Worker-43] INFO  o.e.m.c.i.embedder.EclipseLogger - Copying 0 resource
2014-11-29 19:22:54,420 [Worker-43] INFO  o.e.m.c.i.embedder.EclipseLogger - Using 'UTF-8' encoding to copy filtered resources.
2014-11-29 19:22:54,420 [Worker-43] INFO  o.e.m.c.i.embedder.EclipseLogger - skip non existing resourceDirectory D:\ooadworkspace\tripville\src\test\resources
2014-11-29 19:37:21,237 [Worker-52] INFO  o.e.m.c.i.embedder.EclipseLogger - Using 'UTF-8' encoding to copy filtered resources.
2014-11-29 19:37:21,239 [Worker-52] INFO  o.e.m.c.i.embedder.EclipseLogger - Copying 3 resources
2014-11-29 19:37:21,241 [Worker-52] INFO  o.e.m.c.i.embedder.EclipseLogger - Using 'UTF-8' encoding to copy filtered resources.
2014-11-29 19:37:21,241 [Worker-52] INFO  o.e.m.c.i.embedder.EclipseLogger - skip non existing resourceDirectory D:\ooadworkspace\tripville\src\test\resources
2014-11-29 19:42:25,945 [Worker-45] INFO  o.e.m.c.i.embedder.EclipseLogger - Using 'UTF-8' encoding to copy filtered resources.
2014-11-29 19:42:25,946 [Worker-45] INFO  o.e.m.c.i.embedder.EclipseLogger - Copying 3 resources
2014-11-29 19:42:25,948 [Worker-45] INFO  o.e.m.c.i.embedder.EclipseLogger - Using 'UTF-8' encoding to copy filtered resources.
2014-11-29 19:42:25,948 [Worker-45] INFO  o.e.m.c.i.embedder.EclipseLogger - skip non existing resourceDirectory D:\ooadworkspace\tripville\src\test\resources
2014-11-29 19:44:24,651 [Worker-58] INFO  o.e.m.c.i.embedder.EclipseLogger - Using 'UTF-8' encoding to copy filtered resources.
2014-11-29 19:44:24,652 [Worker-58] INFO  o.e.m.c.i.embedder.EclipseLogger - Copying 3 resources
2014-11-29 19:44:24,653 [Worker-58] INFO  o.e.m.c.i.embedder.EclipseLogger - Using 'UTF-8' encoding to copy filtered resources.
2014-11-29 19:44:24,654 [Worker-58] INFO  o.e.m.c.i.embedder.EclipseLogger - skip non existing resourceDirectory D:\ooadworkspace\tripville\src\test\resources
2014-11-29 19:45:53,191 [Worker-54] INFO  o.e.m.c.i.embedder.EclipseLogger - Using 'UTF-8' encoding to copy filtered resources.
2014-11-29 19:45:53,194 [Worker-54] INFO  o.e.m.c.i.embedder.EclipseLogger - Copying 3 resources
2014-11-29 19:45:53,196 [Worker-54] INFO  o.e.m.c.i.embedder.EclipseLogger - Using 'UTF-8' encoding to copy filtered resources.
2014-11-29 19:45:53,196 [Worker-54] INFO  o.e.m.c.i.embedder.EclipseLogger - skip non existing resourceDirectory D:\ooadworkspace\tripville\src\test\resources
2014-11-29 19:50:02,792 [Worker-54] INFO  o.e.m.c.i.embedder.EclipseLogger - Using 'UTF-8' encoding to copy filtered resources.
2014-11-29 19:50:02,793 [Worker-54] INFO  o.e.m.c.i.embedder.EclipseLogger - Copying 3 resources
2014-11-29 19:50:02,796 [Worker-54] INFO  o.e.m.c.i.embedder.EclipseLogger - Using 'UTF-8' encoding to copy filtered resources.
2014-11-29 19:50:02,796 [Worker-54] INFO  o.e.m.c.i.embedder.EclipseLogger - skip non existing resourceDirectory D:\ooadworkspace\tripville\src\test\resources
2014-11-29 19:56:38,987 [Worker-64] INFO  o.e.m.c.i.embedder.EclipseLogger - Using 'UTF-8' encoding to copy filtered resources.
2014-11-29 19:56:38,988 [Worker-64] INFO  o.e.m.c.i.embedder.EclipseLogger - Copying 3 resources
2014-11-29 19:56:38,990 [Worker-64] INFO  o.e.m.c.i.embedder.EclipseLogger - Using 'UTF-8' encoding to copy filtered resources.
2014-11-29 19:56:38,991 [Worker-64] INFO  o.e.m.c.i.embedder.EclipseLogger - skip non existing resourceDirectory D:\ooadworkspace\tripville\src\test\resources
2014-11-29 19:57:17,888 [Worker-67] INFO  o.e.m.c.i.embedder.EclipseLogger - Using 'UTF-8' encoding to copy filtered resources.
2014-11-29 19:57:17,889 [Worker-67] INFO  o.e.m.c.i.embedder.EclipseLogger - Copying 3 resources
2014-11-29 19:57:17,891 [Worker-67] INFO  o.e.m.c.i.embedder.EclipseLogger - Using 'UTF-8' encoding to copy filtered resources.
2014-11-29 19:57:17,891 [Worker-67] INFO  o.e.m.c.i.embedder.EclipseLogger - skip non existing resourceDirectory D:\ooadworkspace\tripville\src\test\resources
2014-11-29 19:59:26,413 [Worker-73] INFO  o.e.m.c.i.embedder.EclipseLogger - Using 'UTF-8' encoding to copy filtered resources.
2014-11-29 19:59:26,414 [Worker-73] INFO  o.e.m.c.i.embedder.EclipseLogger - Copying 3 resources
2014-11-29 19:59:26,418 [Worker-73] INFO  o.e.m.c.i.embedder.EclipseLogger - Using 'UTF-8' encoding to copy filtered resources.
2014-11-29 19:59:26,418 [Worker-73] INFO  o.e.m.c.i.embedder.EclipseLogger - skip non existing resourceDirectory D:\ooadworkspace\tripville\src\test\resources
2014-11-29 20:20:58,981 [Worker-75] INFO  o.e.m.c.i.embedder.EclipseLogger - Using 'UTF-8' encoding to copy filtered resources.
2014-11-29 20:20:58,982 [Worker-75] INFO  o.e.m.c.i.embedder.EclipseLogger - Copying 3 resources
2014-11-29 20:20:58,984 [Worker-75] INFO  o.e.m.c.i.embedder.EclipseLogger - Using 'UTF-8' encoding to copy filtered resources.
2014-11-29 20:20:58,984 [Worker-75] INFO  o.e.m.c.i.embedder.EclipseLogger - skip non existing resourceDirectory D:\ooadworkspace\tripville\src\test\resources
2014-11-29 20:23:09,852 [Worker-77] INFO  o.e.m.c.i.embedder.EclipseLogger - Using 'UTF-8' encoding to copy filtered resources.
2014-11-29 20:23:09,853 [Worker-77] INFO  o.e.m.c.i.embedder.EclipseLogger - Copying 3 resources
2014-11-29 20:23:09,855 [Worker-77] INFO  o.e.m.c.i.embedder.EclipseLogger - Using 'UTF-8' encoding to copy filtered resources.
2014-11-29 20:23:09,855 [Worker-77] INFO  o.e.m.c.i.embedder.EclipseLogger - skip non existing resourceDirectory D:\ooadworkspace\tripville\src\test\resources
2014-11-29 20:32:12,463 [Worker-86] INFO  o.e.m.c.i.embedder.EclipseLogger - Using 'UTF-8' encoding to copy filtered resources.
2014-11-29 20:32:12,463 [Worker-86] INFO  o.e.m.c.i.embedder.EclipseLogger - Copying 0 resource
2014-11-29 20:32:12,466 [Worker-86] INFO  o.e.m.c.i.embedder.EclipseLogger - Using 'UTF-8' encoding to copy filtered resources.
2014-11-29 20:32:12,466 [Worker-86] INFO  o.e.m.c.i.embedder.EclipseLogger - skip non existing resourceDirectory D:\ooadworkspace\tripville\src\test\resources
2014-11-29 20:38:37,221 [Worker-92] INFO  o.e.m.c.i.embedder.EclipseLogger - Using 'UTF-8' encoding to copy filtered resources.
2014-11-29 20:38:37,222 [Worker-92] INFO  o.e.m.c.i.embedder.EclipseLogger - Copying 3 resources
2014-11-29 20:38:37,225 [Worker-92] INFO  o.e.m.c.i.embedder.EclipseLogger - Using 'UTF-8' encoding to copy filtered resources.
2014-11-29 20:38:37,225 [Worker-92] INFO  o.e.m.c.i.embedder.EclipseLogger - skip non existing resourceDirectory D:\ooadworkspace\tripville\src\test\resources
2014-11-29 20:42:18,309 [Worker-96] INFO  o.e.m.c.i.embedder.EclipseLogger - Using 'UTF-8' encoding to copy filtered resources.
2014-11-29 20:42:18,310 [Worker-96] INFO  o.e.m.c.i.embedder.EclipseLogger - Copying 3 resources
2014-11-29 20:42:18,312 [Worker-96] INFO  o.e.m.c.i.embedder.EclipseLogger - Using 'UTF-8' encoding to copy filtered resources.
2014-11-29 20:42:18,312 [Worker-96] INFO  o.e.m.c.i.embedder.EclipseLogger - skip non existing resourceDirectory D:\ooadworkspace\tripville\src\test\resources
2014-11-29 21:08:28,804 [Worker-105] INFO  o.e.m.c.i.embedder.EclipseLogger - Using 'UTF-8' encoding to copy filtered resources.
2014-11-29 21:08:28,805 [Worker-105] INFO  o.e.m.c.i.embedder.EclipseLogger - Copying 3 resources
2014-11-29 21:08:28,808 [Worker-105] INFO  o.e.m.c.i.embedder.EclipseLogger - Using 'UTF-8' encoding to copy filtered resources.
2014-11-29 21:08:28,808 [Worker-105] INFO  o.e.m.c.i.embedder.EclipseLogger - skip non existing resourceDirectory D:\ooadworkspace\tripville\src\test\resources
2014-11-29 21:09:49,078 [Worker-106] INFO  o.e.m.c.i.embedder.EclipseLogger - Using 'UTF-8' encoding to copy filtered resources.
2014-11-29 21:09:49,080 [Worker-106] INFO  o.e.m.c.i.embedder.EclipseLogger - Copying 0 resource
2014-11-29 21:09:49,081 [Worker-106] INFO  o.e.m.c.i.embedder.EclipseLogger - Using 'UTF-8' encoding to copy filtered resources.
2014-11-29 21:09:49,082 [Worker-106] INFO  o.e.m.c.i.embedder.EclipseLogger - skip non existing resourceDirectory D:\ooadworkspace\tripville\src\test\resources
2014-11-29 21:15:54,439 [Worker-109] INFO  o.e.m.c.i.embedder.EclipseLogger - Using 'UTF-8' encoding to copy filtered resources.
2014-11-29 21:15:54,440 [Worker-109] INFO  o.e.m.c.i.embedder.EclipseLogger - Copying 3 resources
2014-11-29 21:15:54,442 [Worker-109] INFO  o.e.m.c.i.embedder.EclipseLogger - Using 'UTF-8' encoding to copy filtered resources.
2014-11-29 21:15:54,442 [Worker-109] INFO  o.e.m.c.i.embedder.EclipseLogger - skip non existing resourceDirectory D:\ooadworkspace\tripville\src\test\resources
2014-11-29 21:20:06,047 [Worker-118] INFO  o.e.m.c.i.embedder.EclipseLogger - Using 'UTF-8' encoding to copy filtered resources.
2014-11-29 21:20:06,048 [Worker-118] INFO  o.e.m.c.i.embedder.EclipseLogger - Copying 3 resources
2014-11-29 21:20:06,051 [Worker-118] INFO  o.e.m.c.i.embedder.EclipseLogger - Using 'UTF-8' encoding to copy filtered resources.
2014-11-29 21:20:06,051 [Worker-118] INFO  o.e.m.c.i.embedder.EclipseLogger - skip non existing resourceDirectory D:\ooadworkspace\tripville\src\test\resources
2014-11-29 21:23:26,292 [Worker-108] INFO  o.e.m.c.i.embedder.EclipseLogger - Using 'UTF-8' encoding to copy filtered resources.
2014-11-29 21:23:26,294 [Worker-108] INFO  o.e.m.c.i.embedder.EclipseLogger - Copying 3 resources
2014-11-29 21:23:26,296 [Worker-108] INFO  o.e.m.c.i.embedder.EclipseLogger - Using 'UTF-8' encoding to copy filtered resources.
2014-11-29 21:23:26,297 [Worker-108] INFO  o.e.m.c.i.embedder.EclipseLogger - skip non existing resourceDirectory D:\ooadworkspace\tripville\src\test\resources
2014-11-29 21:25:33,000 [Worker-121] INFO  o.e.m.c.i.embedder.EclipseLogger - Using 'UTF-8' encoding to copy filtered resources.
2014-11-29 21:25:33,001 [Worker-121] INFO  o.e.m.c.i.embedder.EclipseLogger - Copying 3 resources
2014-11-29 21:25:33,003 [Worker-121] INFO  o.e.m.c.i.embedder.EclipseLogger - Using 'UTF-8' encoding to copy filtered resources.
2014-11-29 21:25:33,003 [Worker-121] INFO  o.e.m.c.i.embedder.EclipseLogger - skip non existing resourceDirectory D:\ooadworkspace\tripville\src\test\resources
2014-11-29 21:28:02,646 [Worker-122] INFO  o.e.m.c.i.embedder.EclipseLogger - Using 'UTF-8' encoding to copy filtered resources.
2014-11-29 21:28:02,646 [Worker-122] INFO  o.e.m.c.i.embedder.EclipseLogger - Copying 0 resource
2014-11-29 21:28:02,648 [Worker-122] INFO  o.e.m.c.i.embedder.EclipseLogger - Using 'UTF-8' encoding to copy filtered resources.
2014-11-29 21:28:02,648 [Worker-122] INFO  o.e.m.c.i.embedder.EclipseLogger - skip non existing resourceDirectory D:\ooadworkspace\tripville\src\test\resources
2014-11-29 21:43:59,093 [Worker-127] INFO  o.e.m.c.i.embedder.EclipseLogger - Using 'UTF-8' encoding to copy filtered resources.
2014-11-29 21:43:59,094 [Worker-127] INFO  o.e.m.c.i.embedder.EclipseLogger - Copying 3 resources
2014-11-29 21:43:59,096 [Worker-127] INFO  o.e.m.c.i.embedder.EclipseLogger - Using 'UTF-8' encoding to copy filtered resources.
2014-11-29 21:43:59,096 [Worker-127] INFO  o.e.m.c.i.embedder.EclipseLogger - skip non existing resourceDirectory D:\ooadworkspace\tripville\src\test\resources
2014-11-29 21:58:40,639 [Worker-136] INFO  o.e.m.c.i.embedder.EclipseLogger - Using 'UTF-8' encoding to copy filtered resources.
2014-11-29 21:58:40,641 [Worker-136] INFO  o.e.m.c.i.embedder.EclipseLogger - Copying 0 resource
2014-11-29 21:58:40,648 [Worker-136] INFO  o.e.m.c.i.embedder.EclipseLogger - Using 'UTF-8' encoding to copy filtered resources.
2014-11-29 21:58:40,649 [Worker-136] INFO  o.e.m.c.i.embedder.EclipseLogger - skip non existing resourceDirectory D:\ooadworkspace\tripville\src\test\resources
2014-11-29 22:36:45,758 [Worker-147] INFO  o.e.m.c.i.embedder.EclipseLogger - Using 'UTF-8' encoding to copy filtered resources.
2014-11-29 22:36:45,758 [Worker-147] INFO  o.e.m.c.i.embedder.EclipseLogger - Copying 0 resource
2014-11-29 22:36:45,761 [Worker-147] INFO  o.e.m.c.i.embedder.EclipseLogger - Using 'UTF-8' encoding to copy filtered resources.
2014-11-29 22:36:45,761 [Worker-147] INFO  o.e.m.c.i.embedder.EclipseLogger - skip non existing resourceDirectory D:\ooadworkspace\tripville\src\test\resources
2014-11-29 22:38:43,537 [Worker-149] INFO  o.e.m.c.i.embedder.EclipseLogger - Using 'UTF-8' encoding to copy filtered resources.
2014-11-29 22:38:43,538 [Worker-149] INFO  o.e.m.c.i.embedder.EclipseLogger - Copying 0 resource
2014-11-29 22:38:43,540 [Worker-149] INFO  o.e.m.c.i.embedder.EclipseLogger - Using 'UTF-8' encoding to copy filtered resources.
2014-11-29 22:38:43,540 [Worker-149] INFO  o.e.m.c.i.embedder.EclipseLogger - skip non existing resourceDirectory D:\ooadworkspace\tripville\src\test\resources
2014-11-29 22:40:50,238 [Worker-150] INFO  o.e.m.c.i.embedder.EclipseLogger - Using 'UTF-8' encoding to copy filtered resources.
2014-11-29 22:40:50,239 [Worker-150] INFO  o.e.m.c.i.embedder.EclipseLogger - Copying 0 resource
2014-11-29 22:40:50,242 [Worker-150] INFO  o.e.m.c.i.embedder.EclipseLogger - Using 'UTF-8' encoding to copy filtered resources.
2014-11-29 22:40:50,243 [Worker-150] INFO  o.e.m.c.i.embedder.EclipseLogger - skip non existing resourceDirectory D:\ooadworkspace\tripville\src\test\resources
2014-11-29 22:41:55,815 [Worker-149] INFO  o.e.m.c.i.embedder.EclipseLogger - Using 'UTF-8' encoding to copy filtered resources.
2014-11-29 22:41:55,816 [Worker-149] INFO  o.e.m.c.i.embedder.EclipseLogger - Copying 0 resource
2014-11-29 22:41:55,819 [Worker-149] INFO  o.e.m.c.i.embedder.EclipseLogger - Using 'UTF-8' encoding to copy filtered resources.
2014-11-29 22:41:55,819 [Worker-149] INFO  o.e.m.c.i.embedder.EclipseLogger - skip non existing resourceDirectory D:\ooadworkspace\tripville\src\test\resources
2014-11-29 22:44:14,359 [Worker-150] INFO  o.e.m.c.i.embedder.EclipseLogger - Using 'UTF-8' encoding to copy filtered resources.
2014-11-29 22:44:14,360 [Worker-150] INFO  o.e.m.c.i.embedder.EclipseLogger - Copying 0 resource
2014-11-29 22:44:14,361 [Worker-150] INFO  o.e.m.c.i.embedder.EclipseLogger - Using 'UTF-8' encoding to copy filtered resources.
2014-11-29 22:44:14,362 [Worker-150] INFO  o.e.m.c.i.embedder.EclipseLogger - skip non existing resourceDirectory D:\ooadworkspace\tripville\src\test\resources
2014-11-29 22:46:26,169 [Worker-149] INFO  o.e.m.c.i.embedder.EclipseLogger - Using 'UTF-8' encoding to copy filtered resources.
2014-11-29 22:46:26,170 [Worker-149] INFO  o.e.m.c.i.embedder.EclipseLogger - Copying 0 resource
2014-11-29 22:46:26,171 [Worker-149] INFO  o.e.m.c.i.embedder.EclipseLogger - Using 'UTF-8' encoding to copy filtered resources.
2014-11-29 22:46:26,171 [Worker-149] INFO  o.e.m.c.i.embedder.EclipseLogger - skip non existing resourceDirectory D:\ooadworkspace\tripville\src\test\resources
2014-11-29 23:08:24,774 [Worker-163] INFO  o.e.m.c.i.embedder.EclipseLogger - Using 'UTF-8' encoding to copy filtered resources.
2014-11-29 23:08:24,775 [Worker-163] INFO  o.e.m.c.i.embedder.EclipseLogger - Copying 3 resources
2014-11-29 23:08:24,777 [Worker-163] INFO  o.e.m.c.i.embedder.EclipseLogger - Using 'UTF-8' encoding to copy filtered resources.
2014-11-29 23:08:24,777 [Worker-163] INFO  o.e.m.c.i.embedder.EclipseLogger - skip non existing resourceDirectory D:\ooadworkspace\tripville\src\test\resources
2014-11-29 23:09:01,787 [Worker-164] INFO  o.e.m.c.i.embedder.EclipseLogger - Using 'UTF-8' encoding to copy filtered resources.
2014-11-29 23:09:01,788 [Worker-164] INFO  o.e.m.c.i.embedder.EclipseLogger - Copying 3 resources
2014-11-29 23:09:01,790 [Worker-164] INFO  o.e.m.c.i.embedder.EclipseLogger - Using 'UTF-8' encoding to copy filtered resources.
2014-11-29 23:09:01,790 [Worker-164] INFO  o.e.m.c.i.embedder.EclipseLogger - skip non existing resourceDirectory D:\ooadworkspace\tripville\src\test\resources
2014-11-29 23:15:07,698 [Worker-167] INFO  o.e.m.c.i.embedder.EclipseLogger - Using 'UTF-8' encoding to copy filtered resources.
2014-11-29 23:15:07,702 [Worker-167] INFO  o.e.m.c.i.embedder.EclipseLogger - Copying 3 resources
2014-11-29 23:15:07,704 [Worker-167] INFO  o.e.m.c.i.embedder.EclipseLogger - Using 'UTF-8' encoding to copy filtered resources.
2014-11-29 23:15:07,705 [Worker-167] INFO  o.e.m.c.i.embedder.EclipseLogger - skip non existing resourceDirectory D:\ooadworkspace\tripville\src\test\resources
2014-11-29 23:15:35,073 [Worker-167] INFO  o.e.m.c.i.embedder.EclipseLogger - Using 'UTF-8' encoding to copy filtered resources.
2014-11-29 23:15:35,074 [Worker-167] INFO  o.e.m.c.i.embedder.EclipseLogger - Copying 3 resources
2014-11-29 23:15:35,075 [Worker-167] INFO  o.e.m.c.i.embedder.EclipseLogger - Using 'UTF-8' encoding to copy filtered resources.
2014-11-29 23:15:35,076 [Worker-167] INFO  o.e.m.c.i.embedder.EclipseLogger - skip non existing resourceDirectory D:\ooadworkspace\tripville\src\test\resources
2014-11-29 23:23:14,630 [Worker-169] INFO  o.e.m.c.i.embedder.EclipseLogger - Using 'UTF-8' encoding to copy filtered resources.
2014-11-29 23:23:14,631 [Worker-169] INFO  o.e.m.c.i.embedder.EclipseLogger - Copying 3 resources
2014-11-29 23:23:14,633 [Worker-169] INFO  o.e.m.c.i.embedder.EclipseLogger - Using 'UTF-8' encoding to copy filtered resources.
2014-11-29 23:23:14,634 [Worker-169] INFO  o.e.m.c.i.embedder.EclipseLogger - skip non existing resourceDirectory D:\ooadworkspace\tripville\src\test\resources
2014-11-29 23:26:24,812 [Worker-166] INFO  o.e.m.c.i.embedder.EclipseLogger - Using 'UTF-8' encoding to copy filtered resources.
2014-11-29 23:26:24,813 [Worker-166] INFO  o.e.m.c.i.embedder.EclipseLogger - Copying 3 resources
2014-11-29 23:26:24,815 [Worker-166] INFO  o.e.m.c.i.embedder.EclipseLogger - Using 'UTF-8' encoding to copy filtered resources.
2014-11-29 23:26:24,815 [Worker-166] INFO  o.e.m.c.i.embedder.EclipseLogger - skip non existing resourceDirectory D:\ooadworkspace\tripville\src\test\resources
2014-11-29 23:35:50,156 [Worker-172] INFO  o.e.m.c.i.embedder.EclipseLogger - Using 'UTF-8' encoding to copy filtered resources.
2014-11-29 23:35:50,157 [Worker-172] INFO  o.e.m.c.i.embedder.EclipseLogger - Copying 3 resources
2014-11-29 23:35:50,159 [Worker-172] INFO  o.e.m.c.i.embedder.EclipseLogger - Using 'UTF-8' encoding to copy filtered resources.
2014-11-29 23:35:50,159 [Worker-172] INFO  o.e.m.c.i.embedder.EclipseLogger - skip non existing resourceDirectory D:\ooadworkspace\tripville\src\test\resources
2014-11-29 23:48:30,473 [Worker-179] INFO  o.e.m.c.i.embedder.EclipseLogger - Using 'UTF-8' encoding to copy filtered resources.
2014-11-29 23:48:30,474 [Worker-179] INFO  o.e.m.c.i.embedder.EclipseLogger - Copying 3 resources
2014-11-29 23:48:30,475 [Worker-179] INFO  o.e.m.c.i.embedder.EclipseLogger - Using 'UTF-8' encoding to copy filtered resources.
2014-11-29 23:48:30,476 [Worker-179] INFO  o.e.m.c.i.embedder.EclipseLogger - skip non existing resourceDirectory D:\ooadworkspace\tripville\src\test\resources
2014-11-29 23:51:13,972 [Worker-177] INFO  o.e.m.c.i.embedder.EclipseLogger - Using 'UTF-8' encoding to copy filtered resources.
2014-11-29 23:51:13,973 [Worker-177] INFO  o.e.m.c.i.embedder.EclipseLogger - Copying 3 resources
2014-11-29 23:51:13,974 [Worker-177] INFO  o.e.m.c.i.embedder.EclipseLogger - Using 'UTF-8' encoding to copy filtered resources.
2014-11-29 23:51:13,975 [Worker-177] INFO  o.e.m.c.i.embedder.EclipseLogger - skip non existing resourceDirectory D:\ooadworkspace\tripville\src\test\resources
2014-11-30 00:01:36,834 [Worker-186] INFO  o.e.m.c.i.embedder.EclipseLogger - Using 'UTF-8' encoding to copy filtered resources.
2014-11-30 00:01:36,835 [Worker-186] INFO  o.e.m.c.i.embedder.EclipseLogger - Copying 3 resources
2014-11-30 00:01:36,837 [Worker-186] INFO  o.e.m.c.i.embedder.EclipseLogger - Using 'UTF-8' encoding to copy filtered resources.
2014-11-30 00:01:36,837 [Worker-186] INFO  o.e.m.c.i.embedder.EclipseLogger - skip non existing resourceDirectory D:\ooadworkspace\tripville\src\test\resources
2014-11-30 00:06:25,355 [Worker-192] INFO  o.e.m.c.i.embedder.EclipseLogger - Using 'UTF-8' encoding to copy filtered resources.
2014-11-30 00:06:25,356 [Worker-192] INFO  o.e.m.c.i.embedder.EclipseLogger - Copying 3 resources
2014-11-30 00:06:25,357 [Worker-192] INFO  o.e.m.c.i.embedder.EclipseLogger - Using 'UTF-8' encoding to copy filtered resources.
2014-11-30 00:06:25,358 [Worker-192] INFO  o.e.m.c.i.embedder.EclipseLogger - skip non existing resourceDirectory D:\ooadworkspace\tripville\src\test\resources
2014-11-30 00:08:43,747 [Worker-193] INFO  o.e.m.c.i.embedder.EclipseLogger - Using 'UTF-8' encoding to copy filtered resources.
2014-11-30 00:08:43,748 [Worker-193] INFO  o.e.m.c.i.embedder.EclipseLogger - Copying 3 resources
2014-11-30 00:08:43,750 [Worker-193] INFO  o.e.m.c.i.embedder.EclipseLogger - Using 'UTF-8' encoding to copy filtered resources.
2014-11-30 00:08:43,750 [Worker-193] INFO  o.e.m.c.i.embedder.EclipseLogger - skip non existing resourceDirectory D:\ooadworkspace\tripville\src\test\resources
2014-11-30 00:11:55,611 [Worker-187] INFO  o.e.m.c.i.embedder.EclipseLogger - Using 'UTF-8' encoding to copy filtered resources.
2014-11-30 00:11:55,612 [Worker-187] INFO  o.e.m.c.i.embedder.EclipseLogger - Copying 3 resources
2014-11-30 00:11:55,613 [Worker-187] INFO  o.e.m.c.i.embedder.EclipseLogger - Using 'UTF-8' encoding to copy filtered resources.
2014-11-30 00:11:55,614 [Worker-187] INFO  o.e.m.c.i.embedder.EclipseLogger - skip non existing resourceDirectory D:\ooadworkspace\tripville\src\test\resources
2014-11-30 00:13:35,945 [Worker-198] INFO  o.e.m.c.i.embedder.EclipseLogger - Using 'UTF-8' encoding to copy filtered resources.
2014-11-30 00:13:35,946 [Worker-198] INFO  o.e.m.c.i.embedder.EclipseLogger - Copying 3 resources
2014-11-30 00:13:35,947 [Worker-198] INFO  o.e.m.c.i.embedder.EclipseLogger - Using 'UTF-8' encoding to copy filtered resources.
2014-11-30 00:13:35,947 [Worker-198] INFO  o.e.m.c.i.embedder.EclipseLogger - skip non existing resourceDirectory D:\ooadworkspace\tripville\src\test\resources
2014-11-30 00:14:54,707 [Worker-187] INFO  o.e.m.c.i.embedder.EclipseLogger - Using 'UTF-8' encoding to copy filtered resources.
2014-11-30 00:14:54,708 [Worker-187] INFO  o.e.m.c.i.embedder.EclipseLogger - Copying 3 resources
2014-11-30 00:14:54,710 [Worker-187] INFO  o.e.m.c.i.embedder.EclipseLogger - Using 'UTF-8' encoding to copy filtered resources.
2014-11-30 00:14:54,711 [Worker-187] INFO  o.e.m.c.i.embedder.EclipseLogger - skip non existing resourceDirectory D:\ooadworkspace\tripville\src\test\resources
2014-11-30 00:17:44,777 [Worker-199] INFO  o.e.m.c.i.embedder.EclipseLogger - Using 'UTF-8' encoding to copy filtered resources.
2014-11-30 00:17:44,778 [Worker-199] INFO  o.e.m.c.i.embedder.EclipseLogger - Copying 3 resources
2014-11-30 00:17:44,780 [Worker-199] INFO  o.e.m.c.i.embedder.EclipseLogger - Using 'UTF-8' encoding to copy filtered resources.
2014-11-30 00:17:44,780 [Worker-199] INFO  o.e.m.c.i.embedder.EclipseLogger - skip non existing resourceDirectory D:\ooadworkspace\tripville\src\test\resources
2014-11-30 00:21:38,533 [Worker-200] INFO  o.e.m.c.i.embedder.EclipseLogger - Using 'UTF-8' encoding to copy filtered resources.
2014-11-30 00:21:38,534 [Worker-200] INFO  o.e.m.c.i.embedder.EclipseLogger - Copying 3 resources
2014-11-30 00:21:38,536 [Worker-200] INFO  o.e.m.c.i.embedder.EclipseLogger - Using 'UTF-8' encoding to copy filtered resources.
2014-11-30 00:21:38,536 [Worker-200] INFO  o.e.m.c.i.embedder.EclipseLogger - skip non existing resourceDirectory D:\ooadworkspace\tripville\src\test\resources
2014-11-30 00:25:05,773 [Worker-193] INFO  o.e.m.c.i.embedder.EclipseLogger - Using 'UTF-8' encoding to copy filtered resources.
2014-11-30 00:25:05,774 [Worker-193] INFO  o.e.m.c.i.embedder.EclipseLogger - Copying 3 resources
2014-11-30 00:25:05,775 [Worker-193] INFO  o.e.m.c.i.embedder.EclipseLogger - Using 'UTF-8' encoding to copy filtered resources.
2014-11-30 00:25:05,775 [Worker-193] INFO  o.e.m.c.i.embedder.EclipseLogger - skip non existing resourceDirectory D:\ooadworkspace\tripville\src\test\resources
2014-11-30 00:40:03,513 [Worker-213] INFO  o.e.m.c.i.embedder.EclipseLogger - Using 'UTF-8' encoding to copy filtered resources.
2014-11-30 00:40:03,515 [Worker-213] INFO  o.e.m.c.i.embedder.EclipseLogger - Copying 3 resources
2014-11-30 00:40:03,517 [Worker-213] INFO  o.e.m.c.i.embedder.EclipseLogger - Using 'UTF-8' encoding to copy filtered resources.
2014-11-30 00:40:03,517 [Worker-213] INFO  o.e.m.c.i.embedder.EclipseLogger - skip non existing resourceDirectory D:\ooadworkspace\tripville\src\test\resources
2014-11-30 00:53:15,409 [Worker-222] INFO  o.e.m.c.i.embedder.EclipseLogger - Using 'UTF-8' encoding to copy filtered resources.
2014-11-30 00:53:15,410 [Worker-222] INFO  o.e.m.c.i.embedder.EclipseLogger - Copying 3 resources
2014-11-30 00:53:15,412 [Worker-222] INFO  o.e.m.c.i.embedder.EclipseLogger - Using 'UTF-8' encoding to copy filtered resources.
2014-11-30 00:53:15,413 [Worker-222] INFO  o.e.m.c.i.embedder.EclipseLogger - skip non existing resourceDirectory D:\ooadworkspace\tripville\src\test\resources
2014-11-30 00:57:44,628 [Worker-227] INFO  o.e.m.c.i.embedder.EclipseLogger - Using 'UTF-8' encoding to copy filtered resources.
2014-11-30 00:57:44,629 [Worker-227] INFO  o.e.m.c.i.embedder.EclipseLogger - Copying 3 resources
2014-11-30 00:57:44,631 [Worker-227] INFO  o.e.m.c.i.embedder.EclipseLogger - Using 'UTF-8' encoding to copy filtered resources.
2014-11-30 00:57:44,631 [Worker-227] INFO  o.e.m.c.i.embedder.EclipseLogger - skip non existing resourceDirectory D:\ooadworkspace\tripville\src\test\resources
2014-11-30 00:58:09,848 [Worker-221] INFO  o.e.m.c.i.embedder.EclipseLogger - Using 'UTF-8' encoding to copy filtered resources.
2014-11-30 00:58:09,849 [Worker-221] INFO  o.e.m.c.i.embedder.EclipseLogger - Copying 3 resources
2014-11-30 00:58:09,851 [Worker-221] INFO  o.e.m.c.i.embedder.EclipseLogger - Using 'UTF-8' encoding to copy filtered resources.
2014-11-30 00:58:09,851 [Worker-221] INFO  o.e.m.c.i.embedder.EclipseLogger - skip non existing resourceDirectory D:\ooadworkspace\tripville\src\test\resources
2014-11-30 07:30:24,168 [Worker-341] INFO  o.e.m.c.i.embedder.EclipseLogger - Using 'UTF-8' encoding to copy filtered resources.
2014-11-30 07:30:24,169 [Worker-341] INFO  o.e.m.c.i.embedder.EclipseLogger - Copying 3 resources
2014-11-30 07:30:24,171 [Worker-341] INFO  o.e.m.c.i.embedder.EclipseLogger - Using 'UTF-8' encoding to copy filtered resources.
2014-11-30 07:30:24,171 [Worker-341] INFO  o.e.m.c.i.embedder.EclipseLogger - skip non existing resourceDirectory D:\ooadworkspace\tripville\src\test\resources
2014-11-30 07:30:39,050 [Worker-341] INFO  o.e.m.c.i.embedder.EclipseLogger - Using 'UTF-8' encoding to copy filtered resources.
2014-11-30 07:30:39,051 [Worker-341] INFO  o.e.m.c.i.embedder.EclipseLogger - Copying 3 resources
2014-11-30 07:30:39,053 [Worker-341] INFO  o.e.m.c.i.embedder.EclipseLogger - Using 'UTF-8' encoding to copy filtered resources.
2014-11-30 07:30:39,053 [Worker-341] INFO  o.e.m.c.i.embedder.EclipseLogger - skip non existing resourceDirectory D:\ooadworkspace\tripville\src\test\resources
2014-11-30 07:49:40,741 [Worker-351] INFO  o.e.m.c.i.embedder.EclipseLogger - Using 'UTF-8' encoding to copy filtered resources.
2014-11-30 07:49:40,742 [Worker-351] INFO  o.e.m.c.i.embedder.EclipseLogger - Copying 3 resources
2014-11-30 07:49:40,745 [Worker-351] INFO  o.e.m.c.i.embedder.EclipseLogger - Using 'UTF-8' encoding to copy filtered resources.
2014-11-30 07:49:40,745 [Worker-351] INFO  o.e.m.c.i.embedder.EclipseLogger - skip non existing resourceDirectory D:\ooadworkspace\tripville\src\test\resources
2014-11-30 07:50:03,280 [Worker-352] INFO  o.e.m.c.i.embedder.EclipseLogger - Using 'UTF-8' encoding to copy filtered resources.
2014-11-30 07:50:03,281 [Worker-352] INFO  o.e.m.c.i.embedder.EclipseLogger - Copying 3 resources
2014-11-30 07:50:03,283 [Worker-352] INFO  o.e.m.c.i.embedder.EclipseLogger - Using 'UTF-8' encoding to copy filtered resources.
2014-11-30 07:50:03,283 [Worker-352] INFO  o.e.m.c.i.embedder.EclipseLogger - skip non existing resourceDirectory D:\ooadworkspace\tripville\src\test\resources
2014-11-30 07:54:36,434 [Worker-360] INFO  o.e.m.c.i.embedder.EclipseLogger - Using 'UTF-8' encoding to copy filtered resources.
2014-11-30 07:54:36,434 [Worker-360] INFO  o.e.m.c.i.embedder.EclipseLogger - Copying 3 resources
2014-11-30 07:54:36,436 [Worker-360] INFO  o.e.m.c.i.embedder.EclipseLogger - Using 'UTF-8' encoding to copy filtered resources.
2014-11-30 07:54:36,436 [Worker-360] INFO  o.e.m.c.i.embedder.EclipseLogger - skip non existing resourceDirectory D:\ooadworkspace\tripville\src\test\resources
2014-11-30 07:57:27,434 [Worker-358] INFO  o.e.m.c.i.embedder.EclipseLogger - Using 'UTF-8' encoding to copy filtered resources.
2014-11-30 07:57:27,434 [Worker-358] INFO  o.e.m.c.i.embedder.EclipseLogger - Copying 3 resources
2014-11-30 07:57:27,436 [Worker-358] INFO  o.e.m.c.i.embedder.EclipseLogger - Using 'UTF-8' encoding to copy filtered resources.
2014-11-30 07:57:27,436 [Worker-358] INFO  o.e.m.c.i.embedder.EclipseLogger - skip non existing resourceDirectory D:\ooadworkspace\tripville\src\test\resources
2014-11-30 07:57:36,598 [Worker-363] INFO  o.e.m.c.i.embedder.EclipseLogger - Using 'UTF-8' encoding to copy filtered resources.
2014-11-30 07:57:36,599 [Worker-363] INFO  o.e.m.c.i.embedder.EclipseLogger - Copying 3 resources
2014-11-30 07:57:36,600 [Worker-363] INFO  o.e.m.c.i.embedder.EclipseLogger - Using 'UTF-8' encoding to copy filtered resources.
2014-11-30 07:57:36,600 [Worker-363] INFO  o.e.m.c.i.embedder.EclipseLogger - skip non existing resourceDirectory D:\ooadworkspace\tripville\src\test\resources
2014-11-30 08:00:29,775 [Worker-361] INFO  o.e.m.c.i.embedder.EclipseLogger - Using 'UTF-8' encoding to copy filtered resources.
2014-11-30 08:00:29,777 [Worker-361] INFO  o.e.m.c.i.embedder.EclipseLogger - Copying 3 resources
2014-11-30 08:00:29,779 [Worker-361] INFO  o.e.m.c.i.embedder.EclipseLogger - Using 'UTF-8' encoding to copy filtered resources.
2014-11-30 08:00:29,779 [Worker-361] INFO  o.e.m.c.i.embedder.EclipseLogger - skip non existing resourceDirectory D:\ooadworkspace\tripville\src\test\resources
2014-11-30 08:02:49,056 [Worker-351] INFO  o.e.m.c.i.embedder.EclipseLogger - Using 'UTF-8' encoding to copy filtered resources.
2014-11-30 08:02:49,057 [Worker-351] INFO  o.e.m.c.i.embedder.EclipseLogger - Copying 3 resources
2014-11-30 08:02:49,058 [Worker-351] INFO  o.e.m.c.i.embedder.EclipseLogger - Using 'UTF-8' encoding to copy filtered resources.
2014-11-30 08:02:49,058 [Worker-351] INFO  o.e.m.c.i.embedder.EclipseLogger - skip non existing resourceDirectory D:\ooadworkspace\tripville\src\test\resources
2014-11-30 08:11:22,953 [Worker-370] INFO  o.e.m.c.i.embedder.EclipseLogger - Using 'UTF-8' encoding to copy filtered resources.
2014-11-30 08:11:22,954 [Worker-370] INFO  o.e.m.c.i.embedder.EclipseLogger - Copying 3 resources
2014-11-30 08:11:22,956 [Worker-370] INFO  o.e.m.c.i.embedder.EclipseLogger - Using 'UTF-8' encoding to copy filtered resources.
2014-11-30 08:11:22,956 [Worker-370] INFO  o.e.m.c.i.embedder.EclipseLogger - skip non existing resourceDirectory D:\ooadworkspace\tripville\src\test\resources
2014-11-30 08:13:02,309 [Worker-371] INFO  o.e.m.c.i.embedder.EclipseLogger - Using 'UTF-8' encoding to copy filtered resources.
2014-11-30 08:13:02,310 [Worker-371] INFO  o.e.m.c.i.embedder.EclipseLogger - Copying 3 resources
2014-11-30 08:13:02,312 [Worker-371] INFO  o.e.m.c.i.embedder.EclipseLogger - Using 'UTF-8' encoding to copy filtered resources.
2014-11-30 08:13:02,312 [Worker-371] INFO  o.e.m.c.i.embedder.EclipseLogger - skip non existing resourceDirectory D:\ooadworkspace\tripville\src\test\resources
2014-11-30 08:16:17,625 [Worker-369] INFO  o.e.m.c.i.embedder.EclipseLogger - Using 'UTF-8' encoding to copy filtered resources.
2014-11-30 08:16:17,626 [Worker-369] INFO  o.e.m.c.i.embedder.EclipseLogger - Copying 3 resources
2014-11-30 08:16:17,627 [Worker-369] INFO  o.e.m.c.i.embedder.EclipseLogger - Using 'UTF-8' encoding to copy filtered resources.
2014-11-30 08:16:17,627 [Worker-369] INFO  o.e.m.c.i.embedder.EclipseLogger - skip non existing resourceDirectory D:\ooadworkspace\tripville\src\test\resources
2014-11-30 08:18:23,922 [Worker-378] INFO  o.e.m.c.i.embedder.EclipseLogger - Using 'UTF-8' encoding to copy filtered resources.
2014-11-30 08:18:23,923 [Worker-378] INFO  o.e.m.c.i.embedder.EclipseLogger - Copying 3 resources
2014-11-30 08:18:23,925 [Worker-378] INFO  o.e.m.c.i.embedder.EclipseLogger - Using 'UTF-8' encoding to copy filtered resources.
2014-11-30 08:18:23,925 [Worker-378] INFO  o.e.m.c.i.embedder.EclipseLogger - skip non existing resourceDirectory D:\ooadworkspace\tripville\src\test\resources
2014-11-30 08:20:45,015 [Worker-366] INFO  o.e.m.c.i.embedder.EclipseLogger - Using 'UTF-8' encoding to copy filtered resources.
2014-11-30 08:20:45,016 [Worker-366] INFO  o.e.m.c.i.embedder.EclipseLogger - Copying 3 resources
2014-11-30 08:20:45,017 [Worker-366] INFO  o.e.m.c.i.embedder.EclipseLogger - Using 'UTF-8' encoding to copy filtered resources.
2014-11-30 08:20:45,017 [Worker-366] INFO  o.e.m.c.i.embedder.EclipseLogger - skip non existing resourceDirectory D:\ooadworkspace\tripville\src\test\resources
2014-11-30 08:25:06,975 [Worker-380] INFO  o.e.m.c.i.embedder.EclipseLogger - Using 'UTF-8' encoding to copy filtered resources.
2014-11-30 08:25:06,976 [Worker-380] INFO  o.e.m.c.i.embedder.EclipseLogger - Copying 3 resources
2014-11-30 08:25:06,978 [Worker-380] INFO  o.e.m.c.i.embedder.EclipseLogger - Using 'UTF-8' encoding to copy filtered resources.
2014-11-30 08:25:06,978 [Worker-380] INFO  o.e.m.c.i.embedder.EclipseLogger - skip non existing resourceDirectory D:\ooadworkspace\tripville\src\test\resources
